{"D:\\Files\\Desktop\\InternshipFinalWebsite\\src\\app\\layout.tsx": {"path":"D:\\Files\\Desktop\\InternshipFinalWebsite\\src\\app\\layout.tsx","statementMap":{"0":{"start":{"line":7,"column":6},"end":{"line":12,"column":null}},"1":{"start":{"line":14,"column":6},"end":{"line":18,"column":null}},"2":{"start":{"line":20,"column":34},"end":{"line":28,"column":null}},"3":{"start":{"line":35,"column":2},"end":{"line":45,"column":null}}},"fnMap":{"0":{"name":"RootLayout","decl":{"start":{"line":30,"column":24},"end":{"line":30,"column":35}},"loc":{"start":{"line":34,"column":4},"end":{"line":47,"column":null}},"line":34}},"branchMap":{},"s":{"0":0,"1":0,"2":0,"3":0},"f":{"0":0},"b":{},"meta":{"lastBranch":0,"lastFunction":1,"lastStatement":4,"seen":{"s:7:6:12:Infinity":0,"s:14:6:18:Infinity":1,"s:20:34:28:Infinity":2,"f:30:24:30:35":0,"s:35:2:45:Infinity":3}}}
,"D:\\Files\\Desktop\\InternshipFinalWebsite\\src\\app\\page.tsx": {"path":"D:\\Files\\Desktop\\InternshipFinalWebsite\\src\\app\\page.tsx","statementMap":{"0":{"start":{"line":12,"column":0},"end":{"line":12,"column":null}},"1":{"start":{"line":14,"column":6},"end":{"line":14,"column":null}},"2":{"start":{"line":14,"column":32},"end":{"line":14,"column":76}},"3":{"start":{"line":17,"column":40},"end":{"line":17,"column":null}},"4":{"start":{"line":18,"column":8},"end":{"line":18,"column":null}},"5":{"start":{"line":19,"column":8},"end":{"line":19,"column":null}},"6":{"start":{"line":20,"column":8},"end":{"line":20,"column":null}},"7":{"start":{"line":22,"column":2},"end":{"line":60,"column":null}},"8":{"start":{"line":23,"column":4},"end":{"line":23,"column":null}},"9":{"start":{"line":23,"column":24},"end":{"line":23,"column":null}},"10":{"start":{"line":26,"column":4},"end":{"line":39,"column":null}},"11":{"start":{"line":42,"column":4},"end":{"line":59,"column":null}},"12":{"start":{"line":43,"column":20},"end":{"line":43,"column":null}},"13":{"start":{"line":44,"column":6},"end":{"line":58,"column":null}},"14":{"start":{"line":62,"column":28},"end":{"line":71,"column":null}},"15":{"start":{"line":73,"column":23},"end":{"line":80,"column":null}},"16":{"start":{"line":82,"column":2},"end":{"line":173,"column":null}},"17":{"start":{"line":84,"column":35},"end":{"line":84,"column":59}}},"fnMap":{"0":{"name":"(anonymous_0)","decl":{"start":{"line":14,"column":26},"end":{"line":14,"column":32}},"loc":{"start":{"line":14,"column":32},"end":{"line":14,"column":76}},"line":14},"1":{"name":"Home","decl":{"start":{"line":16,"column":24},"end":{"line":16,"column":31}},"loc":{"start":{"line":16,"column":31},"end":{"line":175,"column":null}},"line":16},"2":{"name":"(anonymous_2)","decl":{"start":{"line":22,"column":10},"end":{"line":22,"column":16}},"loc":{"start":{"line":22,"column":16},"end":{"line":60,"column":5}},"line":22},"3":{"name":"(anonymous_3)","decl":{"start":{"line":84,"column":29},"end":{"line":84,"column":35}},"loc":{"start":{"line":84,"column":35},"end":{"line":84,"column":59}},"line":84}},"branchMap":{"0":{"loc":{"start":{"line":23,"column":4},"end":{"line":23,"column":null}},"type":"if","locations":[{"start":{"line":23,"column":4},"end":{"line":23,"column":null}},{"start":{},"end":{}}],"line":23},"1":{"loc":{"start":{"line":42,"column":4},"end":{"line":59,"column":null}},"type":"if","locations":[{"start":{"line":42,"column":4},"end":{"line":59,"column":null}},{"start":{},"end":{}}],"line":42},"2":{"loc":{"start":{"line":93,"column":9},"end":{"line":107,"column":null}},"type":"binary-expr","locations":[{"start":{"line":93,"column":9},"end":{"line":93,"column":null}},{"start":{"line":94,"column":10},"end":{"line":107,"column":null}}],"line":93},"3":{"loc":{"start":{"line":111,"column":9},"end":{"line":126,"column":null}},"type":"binary-expr","locations":[{"start":{"line":111,"column":9},"end":{"line":111,"column":null}},{"start":{"line":112,"column":10},"end":{"line":126,"column":null}}],"line":111}},"s":{"0":1,"1":1,"2":0,"3":18,"4":18,"5":18,"6":18,"7":18,"8":0,"9":0,"10":0,"11":0,"12":0,"13":0,"14":18,"15":18,"16":18,"17":12},"f":{"0":0,"1":18,"2":0,"3":12},"b":{"0":[0,0],"1":[0,0],"2":[18,12],"3":[18,12]},"meta":{"lastBranch":4,"lastFunction":4,"lastStatement":18,"seen":{"s:12:0:12:Infinity":0,"s:14:6:14:Infinity":1,"f:14:26:14:32":0,"s:14:32:14:76":2,"f:16:24:16:31":1,"s:17:40:17:Infinity":3,"s:18:8:18:Infinity":4,"s:19:8:19:Infinity":5,"s:20:8:20:Infinity":6,"s:22:2:60:Infinity":7,"f:22:10:22:16":2,"b:23:4:23:Infinity:undefined:undefined:undefined:undefined":0,"s:23:4:23:Infinity":8,"s:23:24:23:Infinity":9,"s:26:4:39:Infinity":10,"b:42:4:59:Infinity:undefined:undefined:undefined:undefined":1,"s:42:4:59:Infinity":11,"s:43:20:43:Infinity":12,"s:44:6:58:Infinity":13,"s:62:28:71:Infinity":14,"s:73:23:80:Infinity":15,"s:82:2:173:Infinity":16,"f:84:29:84:35":3,"s:84:35:84:59":17,"b:93:9:93:Infinity:94:10:107:Infinity":2,"b:111:9:111:Infinity:112:10:126:Infinity":3}}}
,"D:\\Files\\Desktop\\InternshipFinalWebsite\\src\\app\\build\\page.tsx": {"path":"D:\\Files\\Desktop\\InternshipFinalWebsite\\src\\app\\build\\page.tsx","statementMap":{"0":{"start":{"line":8,"column":2},"end":{"line":21,"column":null}}},"fnMap":{"0":{"name":"BuildPage","decl":{"start":{"line":7,"column":24},"end":{"line":7,"column":36}},"loc":{"start":{"line":7,"column":36},"end":{"line":23,"column":null}},"line":7}},"branchMap":{},"s":{"0":0},"f":{"0":0},"b":{},"meta":{"lastBranch":0,"lastFunction":1,"lastStatement":1,"seen":{"f:7:24:7:36":0,"s:8:2:21:Infinity":0}}}
,"D:\\Files\\Desktop\\InternshipFinalWebsite\\src\\app\\cart\\page.tsx": {"path":"D:\\Files\\Desktop\\InternshipFinalWebsite\\src\\app\\cart\\page.tsx","statementMap":{"0":{"start":{"line":9,"column":2},"end":{"line":50,"column":null}}},"fnMap":{"0":{"name":"CartPage","decl":{"start":{"line":8,"column":24},"end":{"line":8,"column":35}},"loc":{"start":{"line":8,"column":35},"end":{"line":52,"column":null}},"line":8}},"branchMap":{},"s":{"0":10},"f":{"0":10},"b":{},"meta":{"lastBranch":0,"lastFunction":1,"lastStatement":1,"seen":{"f:8:24:8:35":0,"s:9:2:50:Infinity":0}}}
,"D:\\Files\\Desktop\\InternshipFinalWebsite\\src\\app\\menu\\page.tsx": {"path":"D:\\Files\\Desktop\\InternshipFinalWebsite\\src\\app\\menu\\page.tsx","statementMap":{"0":{"start":{"line":12,"column":0},"end":{"line":12,"column":null}},"1":{"start":{"line":15,"column":10},"end":{"line":15,"column":null}},"2":{"start":{"line":17,"column":4},"end":{"line":77,"column":null}},"3":{"start":{"line":19,"column":23},"end":{"line":19,"column":null}},"4":{"start":{"line":20,"column":8},"end":{"line":34,"column":null}},"5":{"start":{"line":21,"column":12},"end":{"line":33,"column":null}},"6":{"start":{"line":37,"column":30},"end":{"line":37,"column":null}},"7":{"start":{"line":38,"column":8},"end":{"line":53,"column":null}},"8":{"start":{"line":39,"column":12},"end":{"line":52,"column":null}},"9":{"start":{"line":56,"column":30},"end":{"line":56,"column":null}},"10":{"start":{"line":57,"column":8},"end":{"line":75,"column":null}},"11":{"start":{"line":58,"column":27},"end":{"line":58,"column":null}},"12":{"start":{"line":59,"column":12},"end":{"line":74,"column":null}},"13":{"start":{"line":60,"column":16},"end":{"line":73,"column":null}},"14":{"start":{"line":79,"column":21},"end":{"line":79,"column":null}},"15":{"start":{"line":79,"column":40},"end":{"line":79,"column":64}},"16":{"start":{"line":80,"column":21},"end":{"line":80,"column":null}},"17":{"start":{"line":80,"column":40},"end":{"line":80,"column":64}},"18":{"start":{"line":82,"column":4},"end":{"line":117,"column":null}}},"fnMap":{"0":{"name":"MenuPage","decl":{"start":{"line":14,"column":24},"end":{"line":14,"column":35}},"loc":{"start":{"line":14,"column":35},"end":{"line":119,"column":null}},"line":14},"1":{"name":"(anonymous_1)","decl":{"start":{"line":17,"column":12},"end":{"line":17,"column":18}},"loc":{"start":{"line":17,"column":18},"end":{"line":77,"column":7}},"line":17},"2":{"name":"(anonymous_2)","decl":{"start":{"line":20,"column":23},"end":{"line":20,"column":24}},"loc":{"start":{"line":20,"column":34},"end":{"line":34,"column":9}},"line":20},"3":{"name":"(anonymous_3)","decl":{"start":{"line":57,"column":30},"end":{"line":57,"column":31}},"loc":{"start":{"line":57,"column":43},"end":{"line":75,"column":9}},"line":57},"4":{"name":"(anonymous_4)","decl":{"start":{"line":79,"column":35},"end":{"line":79,"column":40}},"loc":{"start":{"line":79,"column":40},"end":{"line":79,"column":64}},"line":79},"5":{"name":"(anonymous_5)","decl":{"start":{"line":80,"column":35},"end":{"line":80,"column":40}},"loc":{"start":{"line":80,"column":40},"end":{"line":80,"column":64}},"line":80}},"branchMap":{"0":{"loc":{"start":{"line":38,"column":8},"end":{"line":53,"column":null}},"type":"if","locations":[{"start":{"line":38,"column":8},"end":{"line":53,"column":null}},{"start":{},"end":{}}],"line":38},"1":{"loc":{"start":{"line":59,"column":12},"end":{"line":74,"column":null}},"type":"if","locations":[{"start":{"line":59,"column":12},"end":{"line":74,"column":null}},{"start":{},"end":{}}],"line":59},"2":{"loc":{"start":{"line":105,"column":17},"end":{"line":105,"column":null}},"type":"binary-expr","locations":[{"start":{"line":105,"column":17},"end":{"line":105,"column":40}},{"start":{"line":105,"column":40},"end":{"line":105,"column":null}}],"line":105},"3":{"loc":{"start":{"line":108,"column":17},"end":{"line":108,"column":null}},"type":"binary-expr","locations":[{"start":{"line":108,"column":17},"end":{"line":108,"column":40}},{"start":{"line":108,"column":40},"end":{"line":108,"column":null}}],"line":108}},"s":{"0":0,"1":0,"2":0,"3":0,"4":0,"5":0,"6":0,"7":0,"8":0,"9":0,"10":0,"11":0,"12":0,"13":0,"14":0,"15":0,"16":0,"17":0,"18":0},"f":{"0":0,"1":0,"2":0,"3":0,"4":0,"5":0},"b":{"0":[0,0],"1":[0,0],"2":[0,0],"3":[0,0]},"meta":{"lastBranch":4,"lastFunction":6,"lastStatement":19,"seen":{"s:12:0:12:Infinity":0,"f:14:24:14:35":0,"s:15:10:15:Infinity":1,"s:17:4:77:Infinity":2,"f:17:12:17:18":1,"s:19:23:19:Infinity":3,"s:20:8:34:Infinity":4,"f:20:23:20:24":2,"s:21:12:33:Infinity":5,"s:37:30:37:Infinity":6,"b:38:8:53:Infinity:undefined:undefined:undefined:undefined":0,"s:38:8:53:Infinity":7,"s:39:12:52:Infinity":8,"s:56:30:56:Infinity":9,"s:57:8:75:Infinity":10,"f:57:30:57:31":3,"s:58:27:58:Infinity":11,"b:59:12:74:Infinity:undefined:undefined:undefined:undefined":1,"s:59:12:74:Infinity":12,"s:60:16:73:Infinity":13,"s:79:21:79:Infinity":14,"f:79:35:79:40":4,"s:79:40:79:64":15,"s:80:21:80:Infinity":16,"f:80:35:80:40":5,"s:80:40:80:64":17,"s:82:4:117:Infinity":18,"b:105:17:105:40:105:40:105:Infinity":2,"b:108:17:108:40:108:40:108:Infinity":3}}}
,"D:\\Files\\Desktop\\InternshipFinalWebsite\\src\\components\\ClientShell.tsx": {"path":"D:\\Files\\Desktop\\InternshipFinalWebsite\\src\\components\\ClientShell.tsx","statementMap":{"0":{"start":{"line":9,"column":6},"end":{"line":9,"column":null}},"1":{"start":{"line":9,"column":33},"end":{"line":9,"column":81}},"2":{"start":{"line":12,"column":8},"end":{"line":12,"column":null}},"3":{"start":{"line":12,"column":40},"end":{"line":12,"column":51}},"4":{"start":{"line":13,"column":8},"end":{"line":13,"column":null}},"5":{"start":{"line":13,"column":41},"end":{"line":13,"column":53}},"6":{"start":{"line":16,"column":40},"end":{"line":16,"column":null}},"7":{"start":{"line":17,"column":24},"end":{"line":17,"column":null}},"8":{"start":{"line":19,"column":2},"end":{"line":26,"column":null}},"9":{"start":{"line":20,"column":17},"end":{"line":20,"column":null}},"10":{"start":{"line":21,"column":4},"end":{"line":25,"column":null}},"11":{"start":{"line":22,"column":6},"end":{"line":22,"column":null}},"12":{"start":{"line":24,"column":6},"end":{"line":24,"column":null}},"13":{"start":{"line":28,"column":34},"end":{"line":32,"column":null}},"14":{"start":{"line":29,"column":4},"end":{"line":29,"column":null}},"15":{"start":{"line":30,"column":4},"end":{"line":30,"column":null}},"16":{"start":{"line":31,"column":4},"end":{"line":31,"column":null}},"17":{"start":{"line":34,"column":2},"end":{"line":48,"column":null}}},"fnMap":{"0":{"name":"(anonymous_0)","decl":{"start":{"line":9,"column":27},"end":{"line":9,"column":33}},"loc":{"start":{"line":9,"column":33},"end":{"line":9,"column":81}},"line":9},"1":{"name":"ClientShell","decl":{"start":{"line":11,"column":24},"end":{"line":11,"column":36}},"loc":{"start":{"line":11,"column":81},"end":{"line":50,"column":null}},"line":11},"2":{"name":"(anonymous_2)","decl":{"start":{"line":12,"column":33},"end":{"line":12,"column":34}},"loc":{"start":{"line":12,"column":40},"end":{"line":12,"column":51}},"line":12},"3":{"name":"(anonymous_3)","decl":{"start":{"line":13,"column":34},"end":{"line":13,"column":35}},"loc":{"start":{"line":13,"column":41},"end":{"line":13,"column":53}},"line":13},"4":{"name":"(anonymous_4)","decl":{"start":{"line":19,"column":12},"end":{"line":19,"column":18}},"loc":{"start":{"line":19,"column":18},"end":{"line":26,"column":5}},"line":19},"5":{"name":"(anonymous_5)","decl":{"start":{"line":28,"column":34},"end":{"line":28,"column":40}},"loc":{"start":{"line":28,"column":40},"end":{"line":32,"column":null}},"line":28}},"branchMap":{"0":{"loc":{"start":{"line":21,"column":4},"end":{"line":25,"column":null}},"type":"if","locations":[{"start":{"line":21,"column":4},"end":{"line":25,"column":null}},{"start":{"line":23,"column":11},"end":{"line":25,"column":null}}],"line":21},"1":{"loc":{"start":{"line":36,"column":7},"end":{"line":37,"column":null}},"type":"binary-expr","locations":[{"start":{"line":36,"column":7},"end":{"line":36,"column":null}},{"start":{"line":37,"column":8},"end":{"line":37,"column":null}}],"line":36},"2":{"loc":{"start":{"line":41,"column":19},"end":{"line":41,"column":null}},"type":"cond-expr","locations":[{"start":{"line":41,"column":27},"end":{"line":41,"column":75}},{"start":{"line":41,"column":75},"end":{"line":41,"column":null}}],"line":41}},"s":{"0":1,"1":0,"2":11,"3":34,"4":11,"5":34,"6":11,"7":11,"8":11,"9":5,"10":5,"11":1,"12":4,"13":11,"14":0,"15":0,"16":0,"17":11},"f":{"0":0,"1":11,"2":34,"3":34,"4":5,"5":0},"b":{"0":[1,4],"1":[11,1],"2":[5,6]},"meta":{"lastBranch":3,"lastFunction":6,"lastStatement":18,"seen":{"s:9:6:9:Infinity":0,"f:9:27:9:33":0,"s:9:33:9:81":1,"f:11:24:11:36":1,"s:12:8:12:Infinity":2,"f:12:33:12:34":2,"s:12:40:12:51":3,"s:13:8:13:Infinity":4,"f:13:34:13:35":3,"s:13:41:13:53":5,"s:16:40:16:Infinity":6,"s:17:24:17:Infinity":7,"s:19:2:26:Infinity":8,"f:19:12:19:18":4,"s:20:17:20:Infinity":9,"b:21:4:25:Infinity:23:11:25:Infinity":0,"s:21:4:25:Infinity":10,"s:22:6:22:Infinity":11,"s:24:6:24:Infinity":12,"s:28:34:32:Infinity":13,"f:28:34:28:40":5,"s:29:4:29:Infinity":14,"s:30:4:30:Infinity":15,"s:31:4:31:Infinity":16,"s:34:2:48:Infinity":17,"b:36:7:36:Infinity:37:8:37:Infinity":1,"b:41:27:41:75:41:75:41:Infinity":2}}}
,"D:\\Files\\Desktop\\InternshipFinalWebsite\\src\\components\\Preloader.tsx": {"path":"D:\\Files\\Desktop\\InternshipFinalWebsite\\src\\components\\Preloader.tsx","statementMap":{"0":{"start":{"line":11,"column":34},"end":{"line":11,"column":null}},"1":{"start":{"line":12,"column":10},"end":{"line":12,"column":null}},"2":{"start":{"line":13,"column":10},"end":{"line":13,"column":null}},"3":{"start":{"line":14,"column":10},"end":{"line":14,"column":null}},"4":{"start":{"line":15,"column":10},"end":{"line":15,"column":null}},"5":{"start":{"line":16,"column":10},"end":{"line":16,"column":null}},"6":{"start":{"line":18,"column":4},"end":{"line":82,"column":null}},"7":{"start":{"line":20,"column":26},"end":{"line":20,"column":null}},"8":{"start":{"line":21,"column":8},"end":{"line":25,"column":null}},"9":{"start":{"line":22,"column":12},"end":{"line":22,"column":null}},"10":{"start":{"line":23,"column":12},"end":{"line":23,"column":null}},"11":{"start":{"line":24,"column":12},"end":{"line":24,"column":null}},"12":{"start":{"line":27,"column":19},"end":{"line":33,"column":null}},"13":{"start":{"line":29,"column":16},"end":{"line":29,"column":null}},"14":{"start":{"line":30,"column":16},"end":{"line":30,"column":null}},"15":{"start":{"line":31,"column":16},"end":{"line":31,"column":null}},"16":{"start":{"line":37,"column":8},"end":{"line":42,"column":null}},"17":{"start":{"line":45,"column":8},"end":{"line":50,"column":null}},"18":{"start":{"line":53,"column":8},"end":{"line":58,"column":null}},"19":{"start":{"line":61,"column":8},"end":{"line":65,"column":null}},"20":{"start":{"line":68,"column":8},"end":{"line":73,"column":null}},"21":{"start":{"line":76,"column":8},"end":{"line":80,"column":null}},"22":{"start":{"line":84,"column":4},"end":{"line":84,"column":null}},"23":{"start":{"line":84,"column":20},"end":{"line":84,"column":null}},"24":{"start":{"line":86,"column":4},"end":{"line":103,"column":null}}},"fnMap":{"0":{"name":"Preloader","decl":{"start":{"line":10,"column":24},"end":{"line":10,"column":34}},"loc":{"start":{"line":10,"column":66},"end":{"line":105,"column":null}},"line":10},"1":{"name":"(anonymous_1)","decl":{"start":{"line":18,"column":14},"end":{"line":18,"column":20}},"loc":{"start":{"line":18,"column":20},"end":{"line":82,"column":7}},"line":18},"2":{"name":"(anonymous_2)","decl":{"start":{"line":28,"column":24},"end":{"line":28,"column":30}},"loc":{"start":{"line":28,"column":30},"end":{"line":32,"column":null}},"line":28}},"branchMap":{"0":{"loc":{"start":{"line":21,"column":8},"end":{"line":25,"column":null}},"type":"if","locations":[{"start":{"line":21,"column":8},"end":{"line":25,"column":null}},{"start":{},"end":{}}],"line":21},"1":{"loc":{"start":{"line":84,"column":4},"end":{"line":84,"column":null}},"type":"if","locations":[{"start":{"line":84,"column":4},"end":{"line":84,"column":null}},{"start":{},"end":{}}],"line":84}},"s":{"0":24,"1":24,"2":24,"3":24,"4":24,"5":24,"6":24,"7":15,"8":15,"9":12,"10":12,"11":12,"12":3,"13":3,"14":3,"15":3,"16":3,"17":3,"18":3,"19":3,"20":3,"21":3,"22":24,"23":14,"24":9},"f":{"0":24,"1":15,"2":3},"b":{"0":[12,3],"1":[14,10]},"meta":{"lastBranch":2,"lastFunction":3,"lastStatement":25,"seen":{"f:10:24:10:34":0,"s:11:34:11:Infinity":0,"s:12:10:12:Infinity":1,"s:13:10:13:Infinity":2,"s:14:10:14:Infinity":3,"s:15:10:15:Infinity":4,"s:16:10:16:Infinity":5,"s:18:4:82:Infinity":6,"f:18:14:18:20":1,"s:20:26:20:Infinity":7,"b:21:8:25:Infinity:undefined:undefined:undefined:undefined":0,"s:21:8:25:Infinity":8,"s:22:12:22:Infinity":9,"s:23:12:23:Infinity":10,"s:24:12:24:Infinity":11,"s:27:19:33:Infinity":12,"f:28:24:28:30":2,"s:29:16:29:Infinity":13,"s:30:16:30:Infinity":14,"s:31:16:31:Infinity":15,"s:37:8:42:Infinity":16,"s:45:8:50:Infinity":17,"s:53:8:58:Infinity":18,"s:61:8:65:Infinity":19,"s:68:8:73:Infinity":20,"s:76:8:80:Infinity":21,"b:84:4:84:Infinity:undefined:undefined:undefined:undefined":1,"s:84:4:84:Infinity":22,"s:84:20:84:Infinity":23,"s:86:4:103:Infinity":24}}}
,"D:\\Files\\Desktop\\InternshipFinalWebsite\\src\\components\\3d\\HeroScene.tsx": {"path":"D:\\Files\\Desktop\\InternshipFinalWebsite\\src\\components\\3d\\HeroScene.tsx","statementMap":{"0":{"start":{"line":14,"column":30},"end":{"line":14,"column":null}},"1":{"start":{"line":19,"column":34},"end":{"line":19,"column":null}},"2":{"start":{"line":26,"column":28},"end":{"line":26,"column":null}},"3":{"start":{"line":57,"column":26},"end":{"line":57,"column":null}},"4":{"start":{"line":70,"column":19},"end":{"line":70,"column":null}},"5":{"start":{"line":71,"column":10},"end":{"line":71,"column":null}},"6":{"start":{"line":72,"column":10},"end":{"line":72,"column":null}},"7":{"start":{"line":73,"column":10},"end":{"line":73,"column":null}},"8":{"start":{"line":75,"column":4},"end":{"line":91,"column":null}},"9":{"start":{"line":76,"column":8},"end":{"line":90,"column":null}},"10":{"start":{"line":78,"column":12},"end":{"line":89,"column":null}},"11":{"start":{"line":85,"column":20},"end":{"line":85,"column":null}},"12":{"start":{"line":87,"column":20},"end":{"line":87,"column":null}},"13":{"start":{"line":93,"column":4},"end":{"line":105,"column":null}},"14":{"start":{"line":94,"column":8},"end":{"line":104,"column":null}},"15":{"start":{"line":95,"column":12},"end":{"line":95,"column":null}},"16":{"start":{"line":96,"column":12},"end":{"line":96,"column":null}},"17":{"start":{"line":98,"column":12},"end":{"line":98,"column":null}},"18":{"start":{"line":99,"column":27},"end":{"line":99,"column":null}},"19":{"start":{"line":100,"column":12},"end":{"line":100,"column":null}},"20":{"start":{"line":101,"column":12},"end":{"line":101,"column":null}},"21":{"start":{"line":102,"column":12},"end":{"line":102,"column":null}},"22":{"start":{"line":103,"column":12},"end":{"line":103,"column":null}},"23":{"start":{"line":107,"column":4},"end":{"line":107,"column":null}},"24":{"start":{"line":111,"column":10},"end":{"line":111,"column":null}},"25":{"start":{"line":113,"column":4},"end":{"line":117,"column":null}},"26":{"start":{"line":114,"column":8},"end":{"line":116,"column":null}},"27":{"start":{"line":115,"column":12},"end":{"line":115,"column":null}},"28":{"start":{"line":119,"column":29},"end":{"line":129,"column":null}},"29":{"start":{"line":120,"column":8},"end":{"line":120,"column":null}},"30":{"start":{"line":121,"column":8},"end":{"line":121,"column":null}},"31":{"start":{"line":122,"column":8},"end":{"line":125,"column":null}},"32":{"start":{"line":126,"column":8},"end":{"line":128,"column":null}},"33":{"start":{"line":127,"column":12},"end":{"line":127,"column":null}},"34":{"start":{"line":131,"column":10},"end":{"line":133,"column":null}},"35":{"start":{"line":131,"column":41},"end":{"line":133,"column":8}},"36":{"start":{"line":135,"column":4},"end":{"line":137,"column":null}},"37":{"start":{"line":136,"column":8},"end":{"line":136,"column":null}},"38":{"start":{"line":139,"column":4},"end":{"line":174,"column":null}},"39":{"start":{"line":179,"column":10},"end":{"line":179,"column":null}},"40":{"start":{"line":181,"column":4},"end":{"line":197,"column":null}},"41":{"start":{"line":182,"column":8},"end":{"line":196,"column":null}},"42":{"start":{"line":183,"column":24},"end":{"line":183,"column":null}},"43":{"start":{"line":184,"column":12},"end":{"line":194,"column":null}},"44":{"start":{"line":184,"column":25},"end":{"line":184,"column":28}},"45":{"start":{"line":185,"column":26},"end":{"line":185,"column":null}},"46":{"start":{"line":186,"column":26},"end":{"line":186,"column":null}},"47":{"start":{"line":188,"column":29},"end":{"line":188,"column":null}},"48":{"start":{"line":190,"column":16},"end":{"line":193,"column":null}},"49":{"start":{"line":191,"column":26},"end":{"line":191,"column":null}},"50":{"start":{"line":192,"column":20},"end":{"line":192,"column":null}},"51":{"start":{"line":195,"column":12},"end":{"line":195,"column":null}},"52":{"start":{"line":199,"column":27},"end":{"line":203,"column":null}},"53":{"start":{"line":205,"column":4},"end":{"line":213,"column":null}},"54":{"start":{"line":206,"column":8},"end":{"line":212,"column":null}},"55":{"start":{"line":215,"column":4},"end":{"line":219,"column":null}},"56":{"start":{"line":225,"column":10},"end":{"line":229,"column":null}},"57":{"start":{"line":225,"column":41},"end":{"line":229,"column":8}},"58":{"start":{"line":226,"column":18},"end":{"line":226,"column":null}},"59":{"start":{"line":227,"column":22},"end":{"line":227,"column":null}},"60":{"start":{"line":228,"column":8},"end":{"line":228,"column":null}},"61":{"start":{"line":231,"column":10},"end":{"line":235,"column":null}},"62":{"start":{"line":231,"column":42},"end":{"line":235,"column":8}},"63":{"start":{"line":232,"column":18},"end":{"line":232,"column":null}},"64":{"start":{"line":233,"column":22},"end":{"line":233,"column":null}},"65":{"start":{"line":234,"column":8},"end":{"line":234,"column":null}},"66":{"start":{"line":237,"column":4},"end":{"line":251,"column":null}},"67":{"start":{"line":240,"column":16},"end":{"line":243,"column":null}},"68":{"start":{"line":246,"column":16},"end":{"line":249,"column":null}},"69":{"start":{"line":256,"column":18},"end":{"line":256,"column":null}},"70":{"start":{"line":257,"column":10},"end":{"line":257,"column":null}},"71":{"start":{"line":259,"column":28},"end":{"line":271,"column":null}},"72":{"start":{"line":260,"column":20},"end":{"line":260,"column":null}},"73":{"start":{"line":261,"column":20},"end":{"line":261,"column":null}},"74":{"start":{"line":262,"column":8},"end":{"line":269,"column":null}},"75":{"start":{"line":262,"column":21},"end":{"line":262,"column":24}},"76":{"start":{"line":263,"column":22},"end":{"line":263,"column":null}},"77":{"start":{"line":264,"column":26},"end":{"line":264,"column":null}},"78":{"start":{"line":265,"column":12},"end":{"line":265,"column":null}},"79":{"start":{"line":266,"column":12},"end":{"line":266,"column":null}},"80":{"start":{"line":267,"column":12},"end":{"line":267,"column":null}},"81":{"start":{"line":268,"column":12},"end":{"line":268,"column":null}},"82":{"start":{"line":270,"column":8},"end":{"line":270,"column":null}},"83":{"start":{"line":273,"column":4},"end":{"line":286,"column":null}},"84":{"start":{"line":274,"column":8},"end":{"line":285,"column":null}},"85":{"start":{"line":275,"column":28},"end":{"line":275,"column":null}},"86":{"start":{"line":276,"column":12},"end":{"line":283,"column":null}},"87":{"start":{"line":276,"column":25},"end":{"line":276,"column":28}},"88":{"start":{"line":277,"column":24},"end":{"line":277,"column":null}},"89":{"start":{"line":278,"column":16},"end":{"line":278,"column":null}},"90":{"start":{"line":279,"column":16},"end":{"line":281,"column":null}},"91":{"start":{"line":280,"column":20},"end":{"line":280,"column":null}},"92":{"start":{"line":282,"column":16},"end":{"line":282,"column":null}},"93":{"start":{"line":284,"column":12},"end":{"line":284,"column":null}},"94":{"start":{"line":288,"column":4},"end":{"line":306,"column":null}},"95":{"start":{"line":311,"column":32},"end":{"line":311,"column":null}},"96":{"start":{"line":312,"column":4},"end":{"line":317,"column":null}},"97":{"start":{"line":313,"column":22},"end":{"line":313,"column":null}},"98":{"start":{"line":313,"column":28},"end":{"line":313,"column":null}},"99":{"start":{"line":314,"column":8},"end":{"line":314,"column":null}},"100":{"start":{"line":315,"column":8},"end":{"line":315,"column":null}},"101":{"start":{"line":316,"column":8},"end":{"line":316,"column":null}},"102":{"start":{"line":316,"column":21},"end":{"line":316,"column":null}},"103":{"start":{"line":319,"column":4},"end":{"line":325,"column":null}},"104":{"start":{"line":320,"column":8},"end":{"line":323,"column":null}},"105":{"start":{"line":327,"column":4},"end":{"line":333,"column":null}},"106":{"start":{"line":338,"column":36},"end":{"line":338,"column":null}},"107":{"start":{"line":340,"column":4},"end":{"line":343,"column":null}},"108":{"start":{"line":341,"column":25},"end":{"line":341,"column":null}},"109":{"start":{"line":342,"column":8},"end":{"line":342,"column":null}},"110":{"start":{"line":345,"column":4},"end":{"line":359,"column":null}}},"fnMap":{"0":{"name":"CameraRig","decl":{"start":{"line":69,"column":9},"end":{"line":69,"column":19}},"loc":{"start":{"line":69,"column":58},"end":{"line":108,"column":null}},"line":69},"1":{"name":"(anonymous_1)","decl":{"start":{"line":75,"column":14},"end":{"line":75,"column":20}},"loc":{"start":{"line":75,"column":20},"end":{"line":91,"column":7}},"line":75},"2":{"name":"(anonymous_2)","decl":{"start":{"line":84,"column":28},"end":{"line":84,"column":34}},"loc":{"start":{"line":84,"column":34},"end":{"line":88,"column":null}},"line":84},"3":{"name":"(anonymous_3)","decl":{"start":{"line":93,"column":13},"end":{"line":93,"column":14}},"loc":{"start":{"line":93,"column":31},"end":{"line":105,"column":5}},"line":93},"4":{"name":"ProceduralPizza","decl":{"start":{"line":110,"column":9},"end":{"line":110,"column":27}},"loc":{"start":{"line":110,"column":27},"end":{"line":176,"column":null}},"line":110},"5":{"name":"(anonymous_5)","decl":{"start":{"line":113,"column":13},"end":{"line":113,"column":14}},"loc":{"start":{"line":113,"column":28},"end":{"line":117,"column":5}},"line":113},"6":{"name":"(anonymous_6)","decl":{"start":{"line":119,"column":29},"end":{"line":119,"column":30}},"loc":{"start":{"line":119,"column":112},"end":{"line":129,"column":null}},"line":119},"7":{"name":"(anonymous_7)","decl":{"start":{"line":131,"column":34},"end":{"line":131,"column":41}},"loc":{"start":{"line":131,"column":41},"end":{"line":133,"column":8}},"line":131},"8":{"name":"(anonymous_8)","decl":{"start":{"line":135,"column":13},"end":{"line":135,"column":14}},"loc":{"start":{"line":135,"column":28},"end":{"line":137,"column":5}},"line":135},"9":{"name":"CheeseLayer","decl":{"start":{"line":178,"column":9},"end":{"line":178,"column":23}},"loc":{"start":{"line":178,"column":23},"end":{"line":221,"column":null}},"line":178},"10":{"name":"(anonymous_10)","decl":{"start":{"line":181,"column":14},"end":{"line":181,"column":20}},"loc":{"start":{"line":181,"column":20},"end":{"line":197,"column":7}},"line":181},"11":{"name":"(anonymous_11)","decl":{"start":{"line":205,"column":37},"end":{"line":205,"column":38}},"loc":{"start":{"line":205,"column":49},"end":{"line":213,"column":null}},"line":205},"12":{"name":"HeroToppings","decl":{"start":{"line":223,"column":9},"end":{"line":223,"column":24}},"loc":{"start":{"line":223,"column":24},"end":{"line":253,"column":null}},"line":223},"13":{"name":"(anonymous_13)","decl":{"start":{"line":225,"column":35},"end":{"line":225,"column":41}},"loc":{"start":{"line":225,"column":41},"end":{"line":229,"column":8}},"line":225},"14":{"name":"(anonymous_14)","decl":{"start":{"line":225,"column":67},"end":{"line":225,"column":73}},"loc":{"start":{"line":225,"column":73},"end":{"line":229,"column":5}},"line":225},"15":{"name":"(anonymous_15)","decl":{"start":{"line":231,"column":36},"end":{"line":231,"column":42}},"loc":{"start":{"line":231,"column":42},"end":{"line":235,"column":8}},"line":231},"16":{"name":"(anonymous_16)","decl":{"start":{"line":231,"column":68},"end":{"line":231,"column":74}},"loc":{"start":{"line":231,"column":74},"end":{"line":235,"column":5}},"line":231},"17":{"name":"(anonymous_17)","decl":{"start":{"line":239,"column":32},"end":{"line":239,"column":33}},"loc":{"start":{"line":240,"column":16},"end":{"line":243,"column":null}},"line":240},"18":{"name":"(anonymous_18)","decl":{"start":{"line":245,"column":33},"end":{"line":245,"column":34}},"loc":{"start":{"line":246,"column":16},"end":{"line":249,"column":null}},"line":246},"19":{"name":"SteamParticles","decl":{"start":{"line":255,"column":9},"end":{"line":255,"column":26}},"loc":{"start":{"line":255,"column":26},"end":{"line":308,"column":null}},"line":255},"20":{"name":"(anonymous_20)","decl":{"start":{"line":259,"column":40},"end":{"line":259,"column":46}},"loc":{"start":{"line":259,"column":46},"end":{"line":271,"column":7}},"line":259},"21":{"name":"(anonymous_21)","decl":{"start":{"line":273,"column":13},"end":{"line":273,"column":14}},"loc":{"start":{"line":273,"column":27},"end":{"line":286,"column":5}},"line":273},"22":{"name":"PostFX","decl":{"start":{"line":310,"column":9},"end":{"line":310,"column":18}},"loc":{"start":{"line":310,"column":18},"end":{"line":335,"column":null}},"line":310},"23":{"name":"(anonymous_23)","decl":{"start":{"line":312,"column":14},"end":{"line":312,"column":20}},"loc":{"start":{"line":312,"column":20},"end":{"line":317,"column":7}},"line":312},"24":{"name":"(anonymous_24)","decl":{"start":{"line":313,"column":22},"end":{"line":313,"column":28}},"loc":{"start":{"line":313,"column":28},"end":{"line":313,"column":null}},"line":313},"25":{"name":"(anonymous_25)","decl":{"start":{"line":316,"column":15},"end":{"line":316,"column":21}},"loc":{"start":{"line":316,"column":21},"end":{"line":316,"column":null}},"line":316},"26":{"name":"HeroScene","decl":{"start":{"line":337,"column":24},"end":{"line":337,"column":34}},"loc":{"start":{"line":337,"column":85},"end":{"line":361,"column":null}},"line":337},"27":{"name":"(anonymous_27)","decl":{"start":{"line":340,"column":14},"end":{"line":340,"column":20}},"loc":{"start":{"line":340,"column":20},"end":{"line":343,"column":7}},"line":340}},"branchMap":{"0":{"loc":{"start":{"line":76,"column":8},"end":{"line":90,"column":null}},"type":"if","locations":[{"start":{"line":76,"column":8},"end":{"line":90,"column":null}},{"start":{},"end":{}}],"line":76},"1":{"loc":{"start":{"line":94,"column":8},"end":{"line":104,"column":null}},"type":"if","locations":[{"start":{"line":94,"column":8},"end":{"line":104,"column":null}},{"start":{"line":97,"column":15},"end":{"line":104,"column":null}}],"line":94},"2":{"loc":{"start":{"line":114,"column":8},"end":{"line":116,"column":null}},"type":"if","locations":[{"start":{"line":114,"column":8},"end":{"line":116,"column":null}},{"start":{},"end":{}}],"line":114},"3":{"loc":{"start":{"line":114,"column":12},"end":{"line":114,"column":80}},"type":"binary-expr","locations":[{"start":{"line":114,"column":12},"end":{"line":114,"column":39}},{"start":{"line":114,"column":39},"end":{"line":114,"column":80}}],"line":114},"4":{"loc":{"start":{"line":126,"column":8},"end":{"line":128,"column":null}},"type":"if","locations":[{"start":{"line":126,"column":8},"end":{"line":128,"column":null}},{"start":{},"end":{}}],"line":126},"5":{"loc":{"start":{"line":182,"column":8},"end":{"line":196,"column":null}},"type":"if","locations":[{"start":{"line":182,"column":8},"end":{"line":196,"column":null}},{"start":{},"end":{}}],"line":182},"6":{"loc":{"start":{"line":190,"column":16},"end":{"line":193,"column":null}},"type":"if","locations":[{"start":{"line":190,"column":16},"end":{"line":193,"column":null}},{"start":{},"end":{}}],"line":190},"7":{"loc":{"start":{"line":274,"column":8},"end":{"line":285,"column":null}},"type":"if","locations":[{"start":{"line":274,"column":8},"end":{"line":285,"column":null}},{"start":{},"end":{}}],"line":274},"8":{"loc":{"start":{"line":279,"column":16},"end":{"line":281,"column":null}},"type":"if","locations":[{"start":{"line":279,"column":16},"end":{"line":281,"column":null}},{"start":{},"end":{}}],"line":279},"9":{"loc":{"start":{"line":319,"column":4},"end":{"line":325,"column":null}},"type":"if","locations":[{"start":{"line":319,"column":4},"end":{"line":325,"column":null}},{"start":{},"end":{}}],"line":319},"10":{"loc":{"start":{"line":342,"column":56},"end":{"line":342,"column":74}},"type":"cond-expr","locations":[{"start":{"line":342,"column":67},"end":{"line":342,"column":73}},{"start":{"line":342,"column":73},"end":{"line":342,"column":74}}],"line":342}},"s":{"0":0,"1":0,"2":0,"3":0,"4":0,"5":0,"6":0,"7":0,"8":0,"9":0,"10":0,"11":0,"12":0,"13":0,"14":0,"15":0,"16":0,"17":0,"18":0,"19":0,"20":0,"21":0,"22":0,"23":0,"24":0,"25":0,"26":0,"27":0,"28":0,"29":0,"30":0,"31":0,"32":0,"33":0,"34":0,"35":0,"36":0,"37":0,"38":0,"39":0,"40":0,"41":0,"42":0,"43":0,"44":0,"45":0,"46":0,"47":0,"48":0,"49":0,"50":0,"51":0,"52":0,"53":0,"54":0,"55":0,"56":0,"57":0,"58":0,"59":0,"60":0,"61":0,"62":0,"63":0,"64":0,"65":0,"66":0,"67":0,"68":0,"69":0,"70":0,"71":0,"72":0,"73":0,"74":0,"75":0,"76":0,"77":0,"78":0,"79":0,"80":0,"81":0,"82":0,"83":0,"84":0,"85":0,"86":0,"87":0,"88":0,"89":0,"90":0,"91":0,"92":0,"93":0,"94":0,"95":0,"96":0,"97":0,"98":0,"99":0,"100":0,"101":0,"102":0,"103":0,"104":0,"105":0,"106":0,"107":0,"108":0,"109":0,"110":0},"f":{"0":0,"1":0,"2":0,"3":0,"4":0,"5":0,"6":0,"7":0,"8":0,"9":0,"10":0,"11":0,"12":0,"13":0,"14":0,"15":0,"16":0,"17":0,"18":0,"19":0,"20":0,"21":0,"22":0,"23":0,"24":0,"25":0,"26":0,"27":0},"b":{"0":[0,0],"1":[0,0],"2":[0,0],"3":[0,0],"4":[0,0],"5":[0,0],"6":[0,0],"7":[0,0],"8":[0,0],"9":[0,0],"10":[0,0]},"meta":{"lastBranch":11,"lastFunction":28,"lastStatement":111,"seen":{"s:14:30:14:Infinity":0,"s:19:34:19:Infinity":1,"s:26:28:26:Infinity":2,"s:57:26:57:Infinity":3,"f:69:9:69:19":0,"s:70:19:70:Infinity":4,"s:71:10:71:Infinity":5,"s:72:10:72:Infinity":6,"s:73:10:73:Infinity":7,"s:75:4:91:Infinity":8,"f:75:14:75:20":1,"b:76:8:90:Infinity:undefined:undefined:undefined:undefined":0,"s:76:8:90:Infinity":9,"s:78:12:89:Infinity":10,"f:84:28:84:34":2,"s:85:20:85:Infinity":11,"s:87:20:87:Infinity":12,"s:93:4:105:Infinity":13,"f:93:13:93:14":3,"b:94:8:104:Infinity:97:15:104:Infinity":1,"s:94:8:104:Infinity":14,"s:95:12:95:Infinity":15,"s:96:12:96:Infinity":16,"s:98:12:98:Infinity":17,"s:99:27:99:Infinity":18,"s:100:12:100:Infinity":19,"s:101:12:101:Infinity":20,"s:102:12:102:Infinity":21,"s:103:12:103:Infinity":22,"s:107:4:107:Infinity":23,"f:110:9:110:27":4,"s:111:10:111:Infinity":24,"s:113:4:117:Infinity":25,"f:113:13:113:14":5,"b:114:8:116:Infinity:undefined:undefined:undefined:undefined":2,"s:114:8:116:Infinity":26,"b:114:12:114:39:114:39:114:80":3,"s:115:12:115:Infinity":27,"s:119:29:129:Infinity":28,"f:119:29:119:30":6,"s:120:8:120:Infinity":29,"s:121:8:121:Infinity":30,"s:122:8:125:Infinity":31,"b:126:8:128:Infinity:undefined:undefined:undefined:undefined":4,"s:126:8:128:Infinity":32,"s:127:12:127:Infinity":33,"s:131:10:133:Infinity":34,"f:131:34:131:41":7,"s:131:41:133:8":35,"s:135:4:137:Infinity":36,"f:135:13:135:14":8,"s:136:8:136:Infinity":37,"s:139:4:174:Infinity":38,"f:178:9:178:23":9,"s:179:10:179:Infinity":39,"s:181:4:197:Infinity":40,"f:181:14:181:20":10,"b:182:8:196:Infinity:undefined:undefined:undefined:undefined":5,"s:182:8:196:Infinity":41,"s:183:24:183:Infinity":42,"s:184:12:194:Infinity":43,"s:184:25:184:28":44,"s:185:26:185:Infinity":45,"s:186:26:186:Infinity":46,"s:188:29:188:Infinity":47,"b:190:16:193:Infinity:undefined:undefined:undefined:undefined":6,"s:190:16:193:Infinity":48,"s:191:26:191:Infinity":49,"s:192:20:192:Infinity":50,"s:195:12:195:Infinity":51,"s:199:27:203:Infinity":52,"s:205:4:213:Infinity":53,"f:205:37:205:38":11,"s:206:8:212:Infinity":54,"s:215:4:219:Infinity":55,"f:223:9:223:24":12,"s:225:10:229:Infinity":56,"f:225:35:225:41":13,"s:225:41:229:8":57,"f:225:67:225:73":14,"s:226:18:226:Infinity":58,"s:227:22:227:Infinity":59,"s:228:8:228:Infinity":60,"s:231:10:235:Infinity":61,"f:231:36:231:42":15,"s:231:42:235:8":62,"f:231:68:231:74":16,"s:232:18:232:Infinity":63,"s:233:22:233:Infinity":64,"s:234:8:234:Infinity":65,"s:237:4:251:Infinity":66,"f:239:32:239:33":17,"s:240:16:243:Infinity":67,"f:245:33:245:34":18,"s:246:16:249:Infinity":68,"f:255:9:255:26":19,"s:256:18:256:Infinity":69,"s:257:10:257:Infinity":70,"s:259:28:271:Infinity":71,"f:259:40:259:46":20,"s:260:20:260:Infinity":72,"s:261:20:261:Infinity":73,"s:262:8:269:Infinity":74,"s:262:21:262:24":75,"s:263:22:263:Infinity":76,"s:264:26:264:Infinity":77,"s:265:12:265:Infinity":78,"s:266:12:266:Infinity":79,"s:267:12:267:Infinity":80,"s:268:12:268:Infinity":81,"s:270:8:270:Infinity":82,"s:273:4:286:Infinity":83,"f:273:13:273:14":21,"b:274:8:285:Infinity:undefined:undefined:undefined:undefined":7,"s:274:8:285:Infinity":84,"s:275:28:275:Infinity":85,"s:276:12:283:Infinity":86,"s:276:25:276:28":87,"s:277:24:277:Infinity":88,"s:278:16:278:Infinity":89,"b:279:16:281:Infinity:undefined:undefined:undefined:undefined":8,"s:279:16:281:Infinity":90,"s:280:20:280:Infinity":91,"s:282:16:282:Infinity":92,"s:284:12:284:Infinity":93,"s:288:4:306:Infinity":94,"f:310:9:310:18":22,"s:311:32:311:Infinity":95,"s:312:4:317:Infinity":96,"f:312:14:312:20":23,"s:313:22:313:Infinity":97,"f:313:22:313:28":24,"s:313:28:313:Infinity":98,"s:314:8:314:Infinity":99,"s:315:8:315:Infinity":100,"s:316:8:316:Infinity":101,"f:316:15:316:21":25,"s:316:21:316:Infinity":102,"b:319:4:325:Infinity:undefined:undefined:undefined:undefined":9,"s:319:4:325:Infinity":103,"s:320:8:323:Infinity":104,"s:327:4:333:Infinity":105,"f:337:24:337:34":26,"s:338:36:338:Infinity":106,"s:340:4:343:Infinity":107,"f:340:14:340:20":27,"s:341:25:341:Infinity":108,"s:342:8:342:Infinity":109,"b:342:67:342:73:342:73:342:74":10,"s:345:4:359:Infinity":110}}}
,"D:\\Files\\Desktop\\InternshipFinalWebsite\\src\\components\\3d\\PizzaCanvas.tsx": {"path":"D:\\Files\\Desktop\\InternshipFinalWebsite\\src\\components\\3d\\PizzaCanvas.tsx","statementMap":{"0":{"start":{"line":14,"column":30},"end":{"line":14,"column":null}},"1":{"start":{"line":18,"column":34},"end":{"line":18,"column":null}},"2":{"start":{"line":26,"column":28},"end":{"line":26,"column":null}},"3":{"start":{"line":48,"column":26},"end":{"line":48,"column":null}},"4":{"start":{"line":56,"column":8},"end":{"line":56,"column":null}},"5":{"start":{"line":57,"column":2},"end":{"line":69,"column":null}},"6":{"start":{"line":58,"column":4},"end":{"line":68,"column":null}},"7":{"start":{"line":59,"column":18},"end":{"line":59,"column":null}},"8":{"start":{"line":60,"column":17},"end":{"line":60,"column":null}},"9":{"start":{"line":61,"column":19},"end":{"line":61,"column":null}},"10":{"start":{"line":61,"column":27},"end":{"line":61,"column":63}},"11":{"start":{"line":61,"column":63},"end":{"line":61,"column":95}},"12":{"start":{"line":62,"column":6},"end":{"line":65,"column":null}},"13":{"start":{"line":62,"column":19},"end":{"line":62,"column":22}},"14":{"start":{"line":63,"column":18},"end":{"line":63,"column":31}},"15":{"start":{"line":63,"column":35},"end":{"line":63,"column":null}},"16":{"start":{"line":64,"column":8},"end":{"line":64,"column":null}},"17":{"start":{"line":64,"column":44},"end":{"line":64,"column":null}},"18":{"start":{"line":66,"column":6},"end":{"line":66,"column":null}},"19":{"start":{"line":67,"column":6},"end":{"line":67,"column":null}},"20":{"start":{"line":71,"column":8},"end":{"line":80,"column":null}},"21":{"start":{"line":72,"column":16},"end":{"line":72,"column":null}},"22":{"start":{"line":73,"column":4},"end":{"line":78,"column":null}},"23":{"start":{"line":74,"column":6},"end":{"line":77,"column":null}},"24":{"start":{"line":79,"column":4},"end":{"line":79,"column":null}},"25":{"start":{"line":82,"column":2},"end":{"line":86,"column":null}},"26":{"start":{"line":92,"column":8},"end":{"line":115,"column":null}},"27":{"start":{"line":93,"column":37},"end":{"line":93,"column":null}},"28":{"start":{"line":94,"column":21},"end":{"line":94,"column":null}},"29":{"start":{"line":95,"column":4},"end":{"line":113,"column":null}},"30":{"start":{"line":96,"column":19},"end":{"line":96,"column":null}},"31":{"start":{"line":96,"column":38},"end":{"line":96,"column":49}},"32":{"start":{"line":97,"column":6},"end":{"line":97,"column":null}},"33":{"start":{"line":97,"column":17},"end":{"line":97,"column":null}},"34":{"start":{"line":98,"column":18},"end":{"line":98,"column":null}},"35":{"start":{"line":99,"column":6},"end":{"line":100,"column":null}},"36":{"start":{"line":99,"column":34},"end":{"line":99,"column":null}},"37":{"start":{"line":99,"column":42},"end":{"line":100,"column":null}},"38":{"start":{"line":100,"column":39},"end":{"line":100,"column":null}},"39":{"start":{"line":101,"column":12},"end":{"line":101,"column":null}},"40":{"start":{"line":102,"column":6},"end":{"line":112,"column":null}},"41":{"start":{"line":103,"column":18},"end":{"line":103,"column":null}},"42":{"start":{"line":104,"column":14},"end":{"line":104,"column":null}},"43":{"start":{"line":106,"column":8},"end":{"line":109,"column":null}},"44":{"start":{"line":106,"column":34},"end":{"line":106,"column":null}},"45":{"start":{"line":106,"column":89},"end":{"line":109,"column":null}},"46":{"start":{"line":107,"column":41},"end":{"line":107,"column":null}},"47":{"start":{"line":107,"column":85},"end":{"line":109,"column":null}},"48":{"start":{"line":108,"column":40},"end":{"line":108,"column":null}},"49":{"start":{"line":109,"column":13},"end":{"line":109,"column":null}},"50":{"start":{"line":110,"column":46},"end":{"line":110,"column":null}},"51":{"start":{"line":111,"column":8},"end":{"line":111,"column":null}},"52":{"start":{"line":114,"column":4},"end":{"line":114,"column":null}},"53":{"start":{"line":116,"column":2},"end":{"line":116,"column":null}},"54":{"start":{"line":121,"column":42},"end":{"line":121,"column":null}},"55":{"start":{"line":122,"column":8},"end":{"line":122,"column":null}},"56":{"start":{"line":124,"column":2},"end":{"line":145,"column":null}},"57":{"start":{"line":125,"column":23},"end":{"line":125,"column":null}},"58":{"start":{"line":126,"column":20},"end":{"line":126,"column":null}},"59":{"start":{"line":128,"column":4},"end":{"line":143,"column":null}},"60":{"start":{"line":129,"column":19},"end":{"line":129,"column":null}},"61":{"start":{"line":131,"column":6},"end":{"line":135,"column":null}},"62":{"start":{"line":132,"column":8},"end":{"line":134,"column":null}},"63":{"start":{"line":133,"column":10},"end":{"line":133,"column":null}},"64":{"start":{"line":137,"column":6},"end":{"line":141,"column":null}},"65":{"start":{"line":138,"column":8},"end":{"line":140,"column":null}},"66":{"start":{"line":139,"column":10},"end":{"line":139,"column":null}},"67":{"start":{"line":142,"column":6},"end":{"line":142,"column":null}},"68":{"start":{"line":144,"column":4},"end":{"line":144,"column":null}},"69":{"start":{"line":147,"column":8},"end":{"line":153,"column":null}},"70":{"start":{"line":148,"column":4},"end":{"line":152,"column":null}},"71":{"start":{"line":149,"column":19},"end":{"line":149,"column":null}},"72":{"start":{"line":150,"column":6},"end":{"line":150,"column":null}},"73":{"start":{"line":151,"column":6},"end":{"line":151,"column":null}},"74":{"start":{"line":155,"column":18},"end":{"line":155,"column":null}},"75":{"start":{"line":156,"column":20},"end":{"line":156,"column":null}},"76":{"start":{"line":158,"column":2},"end":{"line":173,"column":null}},"77":{"start":{"line":161,"column":22},"end":{"line":161,"column":null}},"78":{"start":{"line":162,"column":8},"end":{"line":162,"column":null}},"79":{"start":{"line":163,"column":8},"end":{"line":170,"column":null}},"80":{"start":{"line":168,"column":29},"end":{"line":168,"column":null}},"81":{"start":{"line":178,"column":8},"end":{"line":178,"column":null}},"82":{"start":{"line":179,"column":8},"end":{"line":179,"column":null}},"83":{"start":{"line":179,"column":39},"end":{"line":179,"column":65}},"84":{"start":{"line":181,"column":2},"end":{"line":187,"column":null}},"85":{"start":{"line":182,"column":4},"end":{"line":182,"column":null}},"86":{"start":{"line":182,"column":20},"end":{"line":182,"column":null}},"87":{"start":{"line":183,"column":4},"end":{"line":185,"column":null}},"88":{"start":{"line":184,"column":6},"end":{"line":184,"column":null}},"89":{"start":{"line":186,"column":4},"end":{"line":186,"column":null}},"90":{"start":{"line":189,"column":29},"end":{"line":194,"column":null}},"91":{"start":{"line":190,"column":4},"end":{"line":190,"column":null}},"92":{"start":{"line":191,"column":4},"end":{"line":191,"column":null}},"93":{"start":{"line":192,"column":4},"end":{"line":192,"column":null}},"94":{"start":{"line":193,"column":4},"end":{"line":193,"column":null}},"95":{"start":{"line":193,"column":33},"end":{"line":193,"column":null}},"96":{"start":{"line":196,"column":2},"end":{"line":210,"column":null}},"97":{"start":{"line":215,"column":16},"end":{"line":215,"column":null}},"98":{"start":{"line":216,"column":8},"end":{"line":216,"column":null}},"99":{"start":{"line":217,"column":26},"end":{"line":229,"column":null}},"100":{"start":{"line":218,"column":16},"end":{"line":218,"column":null}},"101":{"start":{"line":219,"column":16},"end":{"line":219,"column":null}},"102":{"start":{"line":220,"column":4},"end":{"line":227,"column":null}},"103":{"start":{"line":220,"column":17},"end":{"line":220,"column":20}},"104":{"start":{"line":221,"column":16},"end":{"line":221,"column":null}},"105":{"start":{"line":222,"column":20},"end":{"line":222,"column":null}},"106":{"start":{"line":223,"column":6},"end":{"line":223,"column":null}},"107":{"start":{"line":224,"column":6},"end":{"line":224,"column":null}},"108":{"start":{"line":225,"column":6},"end":{"line":225,"column":null}},"109":{"start":{"line":226,"column":6},"end":{"line":226,"column":null}},"110":{"start":{"line":228,"column":4},"end":{"line":228,"column":null}},"111":{"start":{"line":231,"column":2},"end":{"line":242,"column":null}},"112":{"start":{"line":232,"column":4},"end":{"line":241,"column":null}},"113":{"start":{"line":233,"column":22},"end":{"line":233,"column":null}},"114":{"start":{"line":234,"column":6},"end":{"line":239,"column":null}},"115":{"start":{"line":234,"column":19},"end":{"line":234,"column":22}},"116":{"start":{"line":235,"column":16},"end":{"line":235,"column":null}},"117":{"start":{"line":236,"column":8},"end":{"line":236,"column":null}},"118":{"start":{"line":237,"column":8},"end":{"line":237,"column":null}},"119":{"start":{"line":237,"column":21},"end":{"line":237,"column":null}},"120":{"start":{"line":238,"column":8},"end":{"line":238,"column":null}},"121":{"start":{"line":240,"column":6},"end":{"line":240,"column":null}},"122":{"start":{"line":244,"column":2},"end":{"line":250,"column":null}},"123":{"start":{"line":255,"column":17},"end":{"line":255,"column":null}},"124":{"start":{"line":256,"column":2},"end":{"line":263,"column":null}},"125":{"start":{"line":257,"column":4},"end":{"line":261,"column":null}},"126":{"start":{"line":258,"column":6},"end":{"line":258,"column":null}},"127":{"start":{"line":260,"column":6},"end":{"line":260,"column":null}},"128":{"start":{"line":262,"column":4},"end":{"line":262,"column":null}},"129":{"start":{"line":264,"column":2},"end":{"line":264,"column":null}},"130":{"start":{"line":269,"column":17},"end":{"line":269,"column":null}},"131":{"start":{"line":270,"column":8},"end":{"line":270,"column":null}},"132":{"start":{"line":271,"column":8},"end":{"line":271,"column":null}},"133":{"start":{"line":272,"column":8},"end":{"line":272,"column":null}},"134":{"start":{"line":274,"column":2},"end":{"line":280,"column":null}},"135":{"start":{"line":275,"column":4},"end":{"line":278,"column":null}},"136":{"start":{"line":276,"column":6},"end":{"line":276,"column":null}},"137":{"start":{"line":277,"column":6},"end":{"line":277,"column":null}},"138":{"start":{"line":279,"column":4},"end":{"line":279,"column":null}},"139":{"start":{"line":282,"column":2},"end":{"line":296,"column":null}},"140":{"start":{"line":283,"column":4},"end":{"line":283,"column":null}},"141":{"start":{"line":283,"column":38},"end":{"line":283,"column":null}},"142":{"start":{"line":284,"column":16},"end":{"line":284,"column":null}},"143":{"start":{"line":285,"column":4},"end":{"line":294,"column":null}},"144":{"start":{"line":286,"column":6},"end":{"line":286,"column":null}},"145":{"start":{"line":287,"column":6},"end":{"line":287,"column":null}},"146":{"start":{"line":287,"column":40},"end":{"line":287,"column":null}},"147":{"start":{"line":289,"column":6},"end":{"line":289,"column":null}},"148":{"start":{"line":290,"column":6},"end":{"line":293,"column":null}},"149":{"start":{"line":291,"column":8},"end":{"line":291,"column":null}},"150":{"start":{"line":292,"column":8},"end":{"line":292,"column":null}},"151":{"start":{"line":295,"column":4},"end":{"line":295,"column":null}},"152":{"start":{"line":298,"column":2},"end":{"line":298,"column":null}},"153":{"start":{"line":302,"column":41},"end":{"line":302,"column":null}},"154":{"start":{"line":305,"column":8},"end":{"line":305,"column":null}},"155":{"start":{"line":306,"column":22},"end":{"line":306,"column":null}},"156":{"start":{"line":308,"column":2},"end":{"line":314,"column":null}},"157":{"start":{"line":309,"column":4},"end":{"line":313,"column":null}},"158":{"start":{"line":310,"column":22},"end":{"line":310,"column":null}},"159":{"start":{"line":311,"column":19},"end":{"line":311,"column":null}},"160":{"start":{"line":312,"column":6},"end":{"line":312,"column":null}},"161":{"start":{"line":316,"column":2},"end":{"line":316,"column":null}},"162":{"start":{"line":330,"column":2},"end":{"line":381,"column":null}}},"fnMap":{"0":{"name":"DynamicCheeseLayer","decl":{"start":{"line":55,"column":9},"end":{"line":55,"column":30}},"loc":{"start":{"line":55,"column":30},"end":{"line":88,"column":null}},"line":55},"1":{"name":"(anonymous_1)","decl":{"start":{"line":57,"column":12},"end":{"line":57,"column":18}},"loc":{"start":{"line":57,"column":18},"end":{"line":69,"column":5}},"line":57},"2":{"name":"(anonymous_2)","decl":{"start":{"line":61,"column":19},"end":{"line":61,"column":25}},"loc":{"start":{"line":61,"column":25},"end":{"line":61,"column":null}},"line":61},"3":{"name":"(anonymous_3)","decl":{"start":{"line":71,"column":33},"end":{"line":71,"column":39}},"loc":{"start":{"line":71,"column":39},"end":{"line":80,"column":5}},"line":71},"4":{"name":"(anonymous_4)","decl":{"start":{"line":73,"column":26},"end":{"line":73,"column":27}},"loc":{"start":{"line":73,"column":38},"end":{"line":78,"column":null}},"line":73},"5":{"name":"StaticToppingsLayer","decl":{"start":{"line":91,"column":9},"end":{"line":91,"column":29}},"loc":{"start":{"line":91,"column":74},"end":{"line":117,"column":null}},"line":91},"6":{"name":"(anonymous_6)","decl":{"start":{"line":92,"column":28},"end":{"line":92,"column":34}},"loc":{"start":{"line":92,"column":34},"end":{"line":115,"column":5}},"line":92},"7":{"name":"(anonymous_7)","decl":{"start":{"line":95,"column":23},"end":{"line":95,"column":24}},"loc":{"start":{"line":95,"column":31},"end":{"line":113,"column":5}},"line":95},"8":{"name":"(anonymous_8)","decl":{"start":{"line":96,"column":33},"end":{"line":96,"column":38}},"loc":{"start":{"line":96,"column":38},"end":{"line":96,"column":49}},"line":96},"9":{"name":"(anonymous_9)","decl":{"start":{"line":102,"column":24},"end":{"line":102,"column":25}},"loc":{"start":{"line":102,"column":39},"end":{"line":112,"column":7}},"line":102},"10":{"name":"AnimatedToppingsLayer","decl":{"start":{"line":120,"column":9},"end":{"line":120,"column":31}},"loc":{"start":{"line":120,"column":76},"end":{"line":175,"column":null}},"line":120},"11":{"name":"(anonymous_11)","decl":{"start":{"line":124,"column":12},"end":{"line":124,"column":18}},"loc":{"start":{"line":124,"column":18},"end":{"line":145,"column":5}},"line":124},"12":{"name":"(anonymous_12)","decl":{"start":{"line":128,"column":22},"end":{"line":128,"column":30}},"loc":{"start":{"line":128,"column":30},"end":{"line":143,"column":5}},"line":128},"13":{"name":"(anonymous_13)","decl":{"start":{"line":147,"column":36},"end":{"line":147,"column":37}},"loc":{"start":{"line":147,"column":55},"end":{"line":153,"column":5}},"line":147},"14":{"name":"(anonymous_14)","decl":{"start":{"line":148,"column":22},"end":{"line":148,"column":30}},"loc":{"start":{"line":148,"column":30},"end":{"line":152,"column":5}},"line":148},"15":{"name":"(anonymous_15)","decl":{"start":{"line":160,"column":19},"end":{"line":160,"column":20}},"loc":{"start":{"line":160,"column":36},"end":{"line":172,"column":7}},"line":160},"16":{"name":"(anonymous_16)","decl":{"start":{"line":168,"column":23},"end":{"line":168,"column":29}},"loc":{"start":{"line":168,"column":29},"end":{"line":168,"column":null}},"line":168},"17":{"name":"BaseAndSauce","decl":{"start":{"line":177,"column":9},"end":{"line":177,"column":22}},"loc":{"start":{"line":177,"column":61},"end":{"line":212,"column":null}},"line":177},"18":{"name":"(anonymous_18)","decl":{"start":{"line":179,"column":32},"end":{"line":179,"column":39}},"loc":{"start":{"line":179,"column":39},"end":{"line":179,"column":65}},"line":179},"19":{"name":"(anonymous_19)","decl":{"start":{"line":181,"column":11},"end":{"line":181,"column":12}},"loc":{"start":{"line":181,"column":26},"end":{"line":187,"column":3}},"line":181},"20":{"name":"(anonymous_20)","decl":{"start":{"line":189,"column":29},"end":{"line":189,"column":30}},"loc":{"start":{"line":189,"column":112},"end":{"line":194,"column":null}},"line":189},"21":{"name":"SteamParticles","decl":{"start":{"line":214,"column":9},"end":{"line":214,"column":26}},"loc":{"start":{"line":214,"column":26},"end":{"line":252,"column":null}},"line":214},"22":{"name":"(anonymous_22)","decl":{"start":{"line":217,"column":38},"end":{"line":217,"column":44}},"loc":{"start":{"line":217,"column":44},"end":{"line":229,"column":5}},"line":217},"23":{"name":"(anonymous_23)","decl":{"start":{"line":231,"column":11},"end":{"line":231,"column":12}},"loc":{"start":{"line":231,"column":25},"end":{"line":242,"column":3}},"line":231},"24":{"name":"StaticCamera","decl":{"start":{"line":254,"column":9},"end":{"line":254,"column":22}},"loc":{"start":{"line":254,"column":70},"end":{"line":265,"column":null}},"line":254},"25":{"name":"(anonymous_25)","decl":{"start":{"line":256,"column":12},"end":{"line":256,"column":18}},"loc":{"start":{"line":256,"column":18},"end":{"line":263,"column":5}},"line":256},"26":{"name":"FovPulse","decl":{"start":{"line":268,"column":9},"end":{"line":268,"column":18}},"loc":{"start":{"line":268,"column":63},"end":{"line":299,"column":null}},"line":268},"27":{"name":"(anonymous_27)","decl":{"start":{"line":274,"column":12},"end":{"line":274,"column":18}},"loc":{"start":{"line":274,"column":18},"end":{"line":280,"column":5}},"line":274},"28":{"name":"(anonymous_28)","decl":{"start":{"line":282,"column":11},"end":{"line":282,"column":12}},"loc":{"start":{"line":282,"column":25},"end":{"line":296,"column":3}},"line":282},"29":{"name":"AnimatedPizzaGroup","decl":{"start":{"line":304,"column":9},"end":{"line":304,"column":28}},"loc":{"start":{"line":304,"column":91},"end":{"line":317,"column":null}},"line":304},"30":{"name":"(anonymous_30)","decl":{"start":{"line":308,"column":11},"end":{"line":308,"column":12}},"loc":{"start":{"line":308,"column":25},"end":{"line":314,"column":3}},"line":308},"31":{"name":"PizzaCanvas","decl":{"start":{"line":329,"column":24},"end":{"line":329,"column":36}},"loc":{"start":{"line":329,"column":142},"end":{"line":383,"column":null}},"line":329}},"branchMap":{"0":{"loc":{"start":{"line":58,"column":4},"end":{"line":68,"column":null}},"type":"if","locations":[{"start":{"line":58,"column":4},"end":{"line":68,"column":null}},{"start":{},"end":{}}],"line":58},"1":{"loc":{"start":{"line":64,"column":8},"end":{"line":64,"column":null}},"type":"if","locations":[{"start":{"line":64,"column":8},"end":{"line":64,"column":null}},{"start":{},"end":{}}],"line":64},"2":{"loc":{"start":{"line":97,"column":6},"end":{"line":97,"column":null}},"type":"if","locations":[{"start":{"line":97,"column":6},"end":{"line":97,"column":null}},{"start":{},"end":{}}],"line":97},"3":{"loc":{"start":{"line":99,"column":6},"end":{"line":100,"column":null}},"type":"if","locations":[{"start":{"line":99,"column":6},"end":{"line":100,"column":null}},{"start":{"line":99,"column":42},"end":{"line":100,"column":null}}],"line":99},"4":{"loc":{"start":{"line":99,"column":42},"end":{"line":100,"column":null}},"type":"if","locations":[{"start":{"line":99,"column":42},"end":{"line":100,"column":null}},{"start":{},"end":{}}],"line":99},"5":{"loc":{"start":{"line":106,"column":8},"end":{"line":109,"column":null}},"type":"if","locations":[{"start":{"line":106,"column":8},"end":{"line":109,"column":null}},{"start":{"line":106,"column":89},"end":{"line":109,"column":null}}],"line":106},"6":{"loc":{"start":{"line":106,"column":89},"end":{"line":109,"column":null}},"type":"if","locations":[{"start":{"line":106,"column":89},"end":{"line":109,"column":null}},{"start":{"line":107,"column":85},"end":{"line":109,"column":null}}],"line":106},"7":{"loc":{"start":{"line":107,"column":85},"end":{"line":109,"column":null}},"type":"if","locations":[{"start":{"line":107,"column":85},"end":{"line":109,"column":null}},{"start":{"line":109,"column":13},"end":{"line":109,"column":null}}],"line":107},"8":{"loc":{"start":{"line":110,"column":46},"end":{"line":110,"column":null}},"type":"cond-expr","locations":[{"start":{"line":110,"column":69},"end":{"line":110,"column":94}},{"start":{"line":110,"column":94},"end":{"line":110,"column":null}}],"line":110},"9":{"loc":{"start":{"line":132,"column":8},"end":{"line":134,"column":null}},"type":"if","locations":[{"start":{"line":132,"column":8},"end":{"line":134,"column":null}},{"start":{},"end":{}}],"line":132},"10":{"loc":{"start":{"line":132,"column":12},"end":{"line":132,"column":49}},"type":"binary-expr","locations":[{"start":{"line":132,"column":12},"end":{"line":132,"column":35}},{"start":{"line":132,"column":35},"end":{"line":132,"column":49}}],"line":132},"11":{"loc":{"start":{"line":138,"column":8},"end":{"line":140,"column":null}},"type":"if","locations":[{"start":{"line":138,"column":8},"end":{"line":140,"column":null}},{"start":{},"end":{}}],"line":138},"12":{"loc":{"start":{"line":182,"column":4},"end":{"line":182,"column":null}},"type":"if","locations":[{"start":{"line":182,"column":4},"end":{"line":182,"column":null}},{"start":{},"end":{}}],"line":182},"13":{"loc":{"start":{"line":183,"column":4},"end":{"line":185,"column":null}},"type":"if","locations":[{"start":{"line":183,"column":4},"end":{"line":185,"column":null}},{"start":{},"end":{}}],"line":183},"14":{"loc":{"start":{"line":183,"column":8},"end":{"line":183,"column":76}},"type":"binary-expr","locations":[{"start":{"line":183,"column":8},"end":{"line":183,"column":35}},{"start":{"line":183,"column":35},"end":{"line":183,"column":76}}],"line":183},"15":{"loc":{"start":{"line":190,"column":37},"end":{"line":190,"column":58}},"type":"cond-expr","locations":[{"start":{"line":190,"column":49},"end":{"line":190,"column":53}},{"start":{"line":190,"column":53},"end":{"line":190,"column":58}}],"line":190},"16":{"loc":{"start":{"line":193,"column":4},"end":{"line":193,"column":null}},"type":"if","locations":[{"start":{"line":193,"column":4},"end":{"line":193,"column":null}},{"start":{},"end":{}}],"line":193},"17":{"loc":{"start":{"line":232,"column":4},"end":{"line":241,"column":null}},"type":"if","locations":[{"start":{"line":232,"column":4},"end":{"line":241,"column":null}},{"start":{},"end":{}}],"line":232},"18":{"loc":{"start":{"line":237,"column":8},"end":{"line":237,"column":null}},"type":"if","locations":[{"start":{"line":237,"column":8},"end":{"line":237,"column":null}},{"start":{},"end":{}}],"line":237},"19":{"loc":{"start":{"line":257,"column":4},"end":{"line":261,"column":null}},"type":"if","locations":[{"start":{"line":257,"column":4},"end":{"line":261,"column":null}},{"start":{"line":259,"column":11},"end":{"line":261,"column":null}}],"line":257},"20":{"loc":{"start":{"line":275,"column":4},"end":{"line":278,"column":null}},"type":"if","locations":[{"start":{"line":275,"column":4},"end":{"line":278,"column":null}},{"start":{},"end":{}}],"line":275},"21":{"loc":{"start":{"line":283,"column":4},"end":{"line":283,"column":null}},"type":"if","locations":[{"start":{"line":283,"column":4},"end":{"line":283,"column":null}},{"start":{},"end":{}}],"line":283},"22":{"loc":{"start":{"line":285,"column":4},"end":{"line":294,"column":null}},"type":"if","locations":[{"start":{"line":285,"column":4},"end":{"line":294,"column":null}},{"start":{"line":288,"column":11},"end":{"line":294,"column":null}}],"line":285},"23":{"loc":{"start":{"line":287,"column":6},"end":{"line":287,"column":null}},"type":"if","locations":[{"start":{"line":287,"column":6},"end":{"line":287,"column":null}},{"start":{},"end":{}}],"line":287},"24":{"loc":{"start":{"line":290,"column":6},"end":{"line":293,"column":null}},"type":"if","locations":[{"start":{"line":290,"column":6},"end":{"line":293,"column":null}},{"start":{},"end":{}}],"line":290},"25":{"loc":{"start":{"line":309,"column":4},"end":{"line":313,"column":null}},"type":"if","locations":[{"start":{"line":309,"column":4},"end":{"line":313,"column":null}},{"start":{},"end":{}}],"line":309},"26":{"loc":{"start":{"line":329,"column":56},"end":{"line":329,"column":77}},"type":"default-arg","locations":[{"start":{"line":329,"column":70},"end":{"line":329,"column":77}}],"line":329},"27":{"loc":{"start":{"line":329,"column":77},"end":{"line":329,"column":99}},"type":"default-arg","locations":[{"start":{"line":329,"column":89},"end":{"line":329,"column":99}}],"line":329},"28":{"loc":{"start":{"line":329,"column":99},"end":{"line":329,"column":121}},"type":"default-arg","locations":[{"start":{"line":329,"column":115},"end":{"line":329,"column":121}}],"line":329},"29":{"loc":{"start":{"line":333,"column":35},"end":{"line":333,"column":79}},"type":"cond-expr","locations":[{"start":{"line":333,"column":51},"end":{"line":333,"column":63}},{"start":{"line":333,"column":63},"end":{"line":333,"column":79}}],"line":333},"30":{"loc":{"start":{"line":334,"column":15},"end":{"line":334,"column":58}},"type":"cond-expr","locations":[{"start":{"line":334,"column":29},"end":{"line":334,"column":34}},{"start":{"line":334,"column":34},"end":{"line":334,"column":58}}],"line":334},"31":{"loc":{"start":{"line":334,"column":34},"end":{"line":334,"column":58}},"type":"cond-expr","locations":[{"start":{"line":334,"column":50},"end":{"line":334,"column":54}},{"start":{"line":334,"column":54},"end":{"line":334,"column":58}}],"line":334},"32":{"loc":{"start":{"line":337,"column":7},"end":{"line":337,"column":null}},"type":"binary-expr","locations":[{"start":{"line":337,"column":7},"end":{"line":337,"column":23}},{"start":{"line":337,"column":23},"end":{"line":337,"column":null}}],"line":337},"33":{"loc":{"start":{"line":339,"column":7},"end":{"line":350,"column":null}},"type":"binary-expr","locations":[{"start":{"line":339,"column":7},"end":{"line":339,"column":null}},{"start":{"line":340,"column":8},"end":{"line":350,"column":null}}],"line":339},"34":{"loc":{"start":{"line":360,"column":9},"end":{"line":363,"column":null}},"type":"cond-expr","locations":[{"start":{"line":361,"column":10},"end":{"line":361,"column":null}},{"start":{"line":363,"column":10},"end":{"line":363,"column":null}}],"line":360},"35":{"loc":{"start":{"line":367,"column":7},"end":{"line":367,"column":null}},"type":"binary-expr","locations":[{"start":{"line":367,"column":7},"end":{"line":367,"column":22}},{"start":{"line":367,"column":22},"end":{"line":367,"column":null}}],"line":367},"36":{"loc":{"start":{"line":370,"column":9},"end":{"line":378,"column":null}},"type":"cond-expr","locations":[{"start":{"line":371,"column":10},"end":{"line":371,"column":null}},{"start":{"line":373,"column":10},"end":{"line":378,"column":null}}],"line":370}},"s":{"0":0,"1":0,"2":0,"3":0,"4":0,"5":0,"6":0,"7":0,"8":0,"9":0,"10":0,"11":0,"12":0,"13":0,"14":0,"15":0,"16":0,"17":0,"18":0,"19":0,"20":0,"21":0,"22":0,"23":0,"24":0,"25":0,"26":0,"27":0,"28":0,"29":0,"30":0,"31":0,"32":0,"33":0,"34":0,"35":0,"36":0,"37":0,"38":0,"39":0,"40":0,"41":0,"42":0,"43":0,"44":0,"45":0,"46":0,"47":0,"48":0,"49":0,"50":0,"51":0,"52":0,"53":0,"54":0,"55":0,"56":0,"57":0,"58":0,"59":0,"60":0,"61":0,"62":0,"63":0,"64":0,"65":0,"66":0,"67":0,"68":0,"69":0,"70":0,"71":0,"72":0,"73":0,"74":0,"75":0,"76":0,"77":0,"78":0,"79":0,"80":0,"81":0,"82":0,"83":0,"84":0,"85":0,"86":0,"87":0,"88":0,"89":0,"90":0,"91":0,"92":0,"93":0,"94":0,"95":0,"96":0,"97":0,"98":0,"99":0,"100":0,"101":0,"102":0,"103":0,"104":0,"105":0,"106":0,"107":0,"108":0,"109":0,"110":0,"111":0,"112":0,"113":0,"114":0,"115":0,"116":0,"117":0,"118":0,"119":0,"120":0,"121":0,"122":0,"123":0,"124":0,"125":0,"126":0,"127":0,"128":0,"129":0,"130":0,"131":0,"132":0,"133":0,"134":0,"135":0,"136":0,"137":0,"138":0,"139":0,"140":0,"141":0,"142":0,"143":0,"144":0,"145":0,"146":0,"147":0,"148":0,"149":0,"150":0,"151":0,"152":0,"153":0,"154":0,"155":0,"156":0,"157":0,"158":0,"159":0,"160":0,"161":0,"162":0},"f":{"0":0,"1":0,"2":0,"3":0,"4":0,"5":0,"6":0,"7":0,"8":0,"9":0,"10":0,"11":0,"12":0,"13":0,"14":0,"15":0,"16":0,"17":0,"18":0,"19":0,"20":0,"21":0,"22":0,"23":0,"24":0,"25":0,"26":0,"27":0,"28":0,"29":0,"30":0,"31":0},"b":{"0":[0,0],"1":[0,0],"2":[0,0],"3":[0,0],"4":[0,0],"5":[0,0],"6":[0,0],"7":[0,0],"8":[0,0],"9":[0,0],"10":[0,0],"11":[0,0],"12":[0,0],"13":[0,0],"14":[0,0],"15":[0,0],"16":[0,0],"17":[0,0],"18":[0,0],"19":[0,0],"20":[0,0],"21":[0,0],"22":[0,0],"23":[0,0],"24":[0,0],"25":[0,0],"26":[0],"27":[0],"28":[0],"29":[0,0],"30":[0,0],"31":[0,0],"32":[0,0],"33":[0,0],"34":[0,0],"35":[0,0],"36":[0,0]},"meta":{"lastBranch":37,"lastFunction":32,"lastStatement":163,"seen":{"s:14:30:14:Infinity":0,"s:18:34:18:Infinity":1,"s:26:28:26:Infinity":2,"s:48:26:48:Infinity":3,"f:55:9:55:30":0,"s:56:8:56:Infinity":4,"s:57:2:69:Infinity":5,"f:57:12:57:18":1,"b:58:4:68:Infinity:undefined:undefined:undefined:undefined":0,"s:58:4:68:Infinity":6,"s:59:18:59:Infinity":7,"s:60:17:60:Infinity":8,"s:61:19:61:Infinity":9,"f:61:19:61:25":2,"s:61:27:61:63":10,"s:61:63:61:95":11,"s:62:6:65:Infinity":12,"s:62:19:62:22":13,"s:63:18:63:31":14,"s:63:35:63:Infinity":15,"b:64:8:64:Infinity:undefined:undefined:undefined:undefined":1,"s:64:8:64:Infinity":16,"s:64:44:64:Infinity":17,"s:66:6:66:Infinity":18,"s:67:6:67:Infinity":19,"s:71:8:80:Infinity":20,"f:71:33:71:39":3,"s:72:16:72:Infinity":21,"s:73:4:78:Infinity":22,"f:73:26:73:27":4,"s:74:6:77:Infinity":23,"s:79:4:79:Infinity":24,"s:82:2:86:Infinity":25,"f:91:9:91:29":5,"s:92:8:115:Infinity":26,"f:92:28:92:34":6,"s:93:37:93:Infinity":27,"s:94:21:94:Infinity":28,"s:95:4:113:Infinity":29,"f:95:23:95:24":7,"s:96:19:96:Infinity":30,"f:96:33:96:38":8,"s:96:38:96:49":31,"b:97:6:97:Infinity:undefined:undefined:undefined:undefined":2,"s:97:6:97:Infinity":32,"s:97:17:97:Infinity":33,"s:98:18:98:Infinity":34,"b:99:6:100:Infinity:99:42:100:Infinity":3,"s:99:6:100:Infinity":35,"s:99:34:99:Infinity":36,"b:99:42:100:Infinity:undefined:undefined:undefined:undefined":4,"s:99:42:100:Infinity":37,"s:100:39:100:Infinity":38,"s:101:12:101:Infinity":39,"s:102:6:112:Infinity":40,"f:102:24:102:25":9,"s:103:18:103:Infinity":41,"s:104:14:104:Infinity":42,"b:106:8:109:Infinity:106:89:109:Infinity":5,"s:106:8:109:Infinity":43,"s:106:34:106:Infinity":44,"b:106:89:109:Infinity:107:85:109:Infinity":6,"s:106:89:109:Infinity":45,"s:107:41:107:Infinity":46,"b:107:85:109:Infinity:109:13:109:Infinity":7,"s:107:85:109:Infinity":47,"s:108:40:108:Infinity":48,"s:109:13:109:Infinity":49,"s:110:46:110:Infinity":50,"b:110:69:110:94:110:94:110:Infinity":8,"s:111:8:111:Infinity":51,"s:114:4:114:Infinity":52,"s:116:2:116:Infinity":53,"f:120:9:120:31":10,"s:121:42:121:Infinity":54,"s:122:8:122:Infinity":55,"s:124:2:145:Infinity":56,"f:124:12:124:18":11,"s:125:23:125:Infinity":57,"s:126:20:126:Infinity":58,"s:128:4:143:Infinity":59,"f:128:22:128:30":12,"s:129:19:129:Infinity":60,"s:131:6:135:Infinity":61,"b:132:8:134:Infinity:undefined:undefined:undefined:undefined":9,"s:132:8:134:Infinity":62,"b:132:12:132:35:132:35:132:49":10,"s:133:10:133:Infinity":63,"s:137:6:141:Infinity":64,"b:138:8:140:Infinity:undefined:undefined:undefined:undefined":11,"s:138:8:140:Infinity":65,"s:139:10:139:Infinity":66,"s:142:6:142:Infinity":67,"s:144:4:144:Infinity":68,"s:147:8:153:Infinity":69,"f:147:36:147:37":13,"s:148:4:152:Infinity":70,"f:148:22:148:30":14,"s:149:19:149:Infinity":71,"s:150:6:150:Infinity":72,"s:151:6:151:Infinity":73,"s:155:18:155:Infinity":74,"s:156:20:156:Infinity":75,"s:158:2:173:Infinity":76,"f:160:19:160:20":15,"s:161:22:161:Infinity":77,"s:162:8:162:Infinity":78,"s:163:8:170:Infinity":79,"f:168:23:168:29":16,"s:168:29:168:Infinity":80,"f:177:9:177:22":17,"s:178:8:178:Infinity":81,"s:179:8:179:Infinity":82,"f:179:32:179:39":18,"s:179:39:179:65":83,"s:181:2:187:Infinity":84,"f:181:11:181:12":19,"b:182:4:182:Infinity:undefined:undefined:undefined:undefined":12,"s:182:4:182:Infinity":85,"s:182:20:182:Infinity":86,"b:183:4:185:Infinity:undefined:undefined:undefined:undefined":13,"s:183:4:185:Infinity":87,"b:183:8:183:35:183:35:183:76":14,"s:184:6:184:Infinity":88,"s:186:4:186:Infinity":89,"s:189:29:194:Infinity":90,"f:189:29:189:30":20,"s:190:4:190:Infinity":91,"b:190:49:190:53:190:53:190:58":15,"s:191:4:191:Infinity":92,"s:192:4:192:Infinity":93,"b:193:4:193:Infinity:undefined:undefined:undefined:undefined":16,"s:193:4:193:Infinity":94,"s:193:33:193:Infinity":95,"s:196:2:210:Infinity":96,"f:214:9:214:26":21,"s:215:16:215:Infinity":97,"s:216:8:216:Infinity":98,"s:217:26:229:Infinity":99,"f:217:38:217:44":22,"s:218:16:218:Infinity":100,"s:219:16:219:Infinity":101,"s:220:4:227:Infinity":102,"s:220:17:220:20":103,"s:221:16:221:Infinity":104,"s:222:20:222:Infinity":105,"s:223:6:223:Infinity":106,"s:224:6:224:Infinity":107,"s:225:6:225:Infinity":108,"s:226:6:226:Infinity":109,"s:228:4:228:Infinity":110,"s:231:2:242:Infinity":111,"f:231:11:231:12":23,"b:232:4:241:Infinity:undefined:undefined:undefined:undefined":17,"s:232:4:241:Infinity":112,"s:233:22:233:Infinity":113,"s:234:6:239:Infinity":114,"s:234:19:234:22":115,"s:235:16:235:Infinity":116,"s:236:8:236:Infinity":117,"b:237:8:237:Infinity:undefined:undefined:undefined:undefined":18,"s:237:8:237:Infinity":118,"s:237:21:237:Infinity":119,"s:238:8:238:Infinity":120,"s:240:6:240:Infinity":121,"s:244:2:250:Infinity":122,"f:254:9:254:22":24,"s:255:17:255:Infinity":123,"s:256:2:263:Infinity":124,"f:256:12:256:18":25,"b:257:4:261:Infinity:259:11:261:Infinity":19,"s:257:4:261:Infinity":125,"s:258:6:258:Infinity":126,"s:260:6:260:Infinity":127,"s:262:4:262:Infinity":128,"s:264:2:264:Infinity":129,"f:268:9:268:18":26,"s:269:17:269:Infinity":130,"s:270:8:270:Infinity":131,"s:271:8:271:Infinity":132,"s:272:8:272:Infinity":133,"s:274:2:280:Infinity":134,"f:274:12:274:18":27,"b:275:4:278:Infinity:undefined:undefined:undefined:undefined":20,"s:275:4:278:Infinity":135,"s:276:6:276:Infinity":136,"s:277:6:277:Infinity":137,"s:279:4:279:Infinity":138,"s:282:2:296:Infinity":139,"f:282:11:282:12":28,"b:283:4:283:Infinity:undefined:undefined:undefined:undefined":21,"s:283:4:283:Infinity":140,"s:283:38:283:Infinity":141,"s:284:16:284:Infinity":142,"b:285:4:294:Infinity:288:11:294:Infinity":22,"s:285:4:294:Infinity":143,"s:286:6:286:Infinity":144,"b:287:6:287:Infinity:undefined:undefined:undefined:undefined":23,"s:287:6:287:Infinity":145,"s:287:40:287:Infinity":146,"s:289:6:289:Infinity":147,"b:290:6:293:Infinity:undefined:undefined:undefined:undefined":24,"s:290:6:293:Infinity":148,"s:291:8:291:Infinity":149,"s:292:8:292:Infinity":150,"s:295:4:295:Infinity":151,"s:298:2:298:Infinity":152,"s:302:41:302:Infinity":153,"f:304:9:304:28":29,"s:305:8:305:Infinity":154,"s:306:22:306:Infinity":155,"s:308:2:314:Infinity":156,"f:308:11:308:12":30,"b:309:4:313:Infinity:undefined:undefined:undefined:undefined":25,"s:309:4:313:Infinity":157,"s:310:22:310:Infinity":158,"s:311:19:311:Infinity":159,"s:312:6:312:Infinity":160,"s:316:2:316:Infinity":161,"f:329:24:329:36":31,"b:329:70:329:77":26,"b:329:89:329:99":27,"b:329:115:329:121":28,"s:330:2:381:Infinity":162,"b:333:51:333:63:333:63:333:79":29,"b:334:29:334:34:334:34:334:58":30,"b:334:50:334:54:334:54:334:58":31,"b:337:7:337:23:337:23:337:Infinity":32,"b:339:7:339:Infinity:340:8:350:Infinity":33,"b:361:10:361:Infinity:363:10:363:Infinity":34,"b:367:7:367:22:367:22:367:Infinity":35,"b:371:10:371:Infinity:373:10:378:Infinity":36}}}
,"D:\\Files\\Desktop\\InternshipFinalWebsite\\src\\components\\3d\\ToppingInstance.tsx": {"path":"D:\\Files\\Desktop\\InternshipFinalWebsite\\src\\components\\3d\\ToppingInstance.tsx","statementMap":{"0":{"start":{"line":22,"column":8},"end":{"line":22,"column":null}},"1":{"start":{"line":23,"column":8},"end":{"line":23,"column":null}},"2":{"start":{"line":24,"column":8},"end":{"line":24,"column":null}},"3":{"start":{"line":25,"column":28},"end":{"line":25,"column":null}},"4":{"start":{"line":28,"column":18},"end":{"line":28,"column":null}},"5":{"start":{"line":29,"column":17},"end":{"line":29,"column":null}},"6":{"start":{"line":31,"column":2},"end":{"line":69,"column":null}},"7":{"start":{"line":32,"column":4},"end":{"line":32,"column":null}},"8":{"start":{"line":32,"column":50},"end":{"line":32,"column":null}},"9":{"start":{"line":34,"column":4},"end":{"line":39,"column":null}},"10":{"start":{"line":35,"column":6},"end":{"line":35,"column":null}},"11":{"start":{"line":36,"column":6},"end":{"line":36,"column":null}},"12":{"start":{"line":37,"column":6},"end":{"line":37,"column":null}},"13":{"start":{"line":38,"column":6},"end":{"line":38,"column":null}},"14":{"start":{"line":41,"column":20},"end":{"line":41,"column":null}},"15":{"start":{"line":43,"column":4},"end":{"line":52,"column":null}},"16":{"start":{"line":45,"column":6},"end":{"line":45,"column":null}},"17":{"start":{"line":46,"column":6},"end":{"line":46,"column":null}},"18":{"start":{"line":47,"column":6},"end":{"line":50,"column":null}},"19":{"start":{"line":48,"column":8},"end":{"line":48,"column":null}},"20":{"start":{"line":49,"column":8},"end":{"line":49,"column":null}},"21":{"start":{"line":51,"column":6},"end":{"line":51,"column":null}},"22":{"start":{"line":54,"column":4},"end":{"line":58,"column":null}},"23":{"start":{"line":56,"column":6},"end":{"line":56,"column":null}},"24":{"start":{"line":57,"column":6},"end":{"line":57,"column":null}},"25":{"start":{"line":61,"column":21},"end":{"line":61,"column":null}},"26":{"start":{"line":62,"column":4},"end":{"line":62,"column":null}},"27":{"start":{"line":65,"column":4},"end":{"line":65,"column":null}},"28":{"start":{"line":68,"column":4},"end":{"line":68,"column":null}},"29":{"start":{"line":71,"column":2},"end":{"line":71,"column":null}},"30":{"start":{"line":71,"column":16},"end":{"line":71,"column":null}},"31":{"start":{"line":74,"column":2},"end":{"line":77,"column":null}},"32":{"start":{"line":74,"column":27},"end":{"line":74,"column":null}},"33":{"start":{"line":74,"column":86},"end":{"line":77,"column":null}},"34":{"start":{"line":75,"column":34},"end":{"line":75,"column":null}},"35":{"start":{"line":75,"column":82},"end":{"line":77,"column":null}},"36":{"start":{"line":76,"column":33},"end":{"line":76,"column":null}},"37":{"start":{"line":77,"column":7},"end":{"line":77,"column":null}},"38":{"start":{"line":79,"column":2},"end":{"line":83,"column":null}},"39":{"start":{"line":95,"column":15},"end":{"line":95,"column":null}},"40":{"start":{"line":95,"column":34},"end":{"line":95,"column":52}},"41":{"start":{"line":96,"column":18},"end":{"line":105,"column":null}},"42":{"start":{"line":97,"column":4},"end":{"line":97,"column":null}},"43":{"start":{"line":97,"column":15},"end":{"line":97,"column":null}},"44":{"start":{"line":98,"column":16},"end":{"line":98,"column":null}},"45":{"start":{"line":99,"column":4},"end":{"line":100,"column":null}},"46":{"start":{"line":99,"column":32},"end":{"line":99,"column":null}},"47":{"start":{"line":99,"column":40},"end":{"line":100,"column":null}},"48":{"start":{"line":100,"column":37},"end":{"line":100,"column":null}},"49":{"start":{"line":102,"column":15},"end":{"line":102,"column":null}},"50":{"start":{"line":103,"column":4},"end":{"line":103,"column":null}},"51":{"start":{"line":103,"column":17},"end":{"line":103,"column":20}},"52":{"start":{"line":103,"column":47},"end":{"line":103,"column":null}},"53":{"start":{"line":104,"column":4},"end":{"line":104,"column":null}},"54":{"start":{"line":107,"column":2},"end":{"line":107,"column":null}},"55":{"start":{"line":107,"column":13},"end":{"line":107,"column":null}},"56":{"start":{"line":109,"column":2},"end":{"line":132,"column":null}},"57":{"start":{"line":112,"column":18},"end":{"line":112,"column":null}},"58":{"start":{"line":113,"column":14},"end":{"line":113,"column":null}},"59":{"start":{"line":114,"column":51},"end":{"line":116,"column":null}},"60":{"start":{"line":118,"column":8},"end":{"line":129,"column":null}}},"fnMap":{"0":{"name":"ToppingMesh","decl":{"start":{"line":21,"column":9},"end":{"line":21,"column":21}},"loc":{"start":{"line":21,"column":115},"end":{"line":85,"column":null}},"line":21},"1":{"name":"(anonymous_1)","decl":{"start":{"line":31,"column":11},"end":{"line":31,"column":12}},"loc":{"start":{"line":31,"column":33},"end":{"line":69,"column":3}},"line":31},"2":{"name":"ToppingInstance","decl":{"start":{"line":94,"column":24},"end":{"line":94,"column":40}},"loc":{"start":{"line":94,"column":111},"end":{"line":134,"column":null}},"line":94},"3":{"name":"(anonymous_3)","decl":{"start":{"line":95,"column
[...]
,"D:\\Files\\Desktop\\InternshipFinalWebsite\\src\\components\\order\\LocationStep.tsx": {"path":"D:\\Files\\Desktop\\InternshipFinalWebsite\\src\\components\\order\\LocationStep.tsx","statementMap":{"0":{"start":{"line":12,"column":21},"end":{"line":12,"column":null}},"1":{"start":{"line":13,"column":30},"end":{"line":13,"column":null}},"2":{"start":{"line":14,"column":38},"end":{"line":14,"column":null}},"3":{"start":{"line":15,"column":40},"end":{"line":15,"column":null}},"4":{"start":{"line":18,"column":2},"end":{"line":20,"column":null}},"5":{"start":{"line":19,"column":4},"end":{"line":19,"column":null}},"6":{"start":{"line":23,"column":2},"end":{"line":27,"column":null}},"7":{"start":{"line":24,"column":4},"end":{"line":26,"column":null}},"8":{"start":{"line":25,"column":6},"end":{"line":25,"column":null}},"9":{"start":{"line":30,"column":2},"end":{"line":42,"column":null}},"10":{"start":{"line":31,"column":4},"end":{"line":40,"column":null}},"11":{"start":{"line":45,"column":2},"end":{"line":77,"column":null}},"12":{"start":{"line":46,"column":4},"end":{"line":75,"column":null}},"13":{"start":{"line":61,"column":29},"end":{"line":61,"column":null}},"14":{"start":{"line":69,"column":25},"end":{"line":69,"column":null}},"15":{"start":{"line":80,"column":2},"end":{"line":123,"column":null}},"16":{"start":{"line":86,"column":27},"end":{"line":86,"column":null}},"17":{"start":{"line":96,"column":29},"end":{"line":96,"column":null}},"18":{"start":{"line":117,"column":23},"end":{"line":117,"column":null}}},"fnMap":{"0":{"name":"LocationStep","decl":{"start":{"line":11,"column":24},"end":{"line":11,"column":37}},"loc":{"start":{"line":11,"column":71},"end":{"line":125,"column":null}},"line":11},"1":{"name":"(anonymous_1)","decl":{"start":{"line":18,"column":12},"end":{"line":18,"column":18}},"loc":{"start":{"line":18,"column":18},"end":{"line":20,"column":5}},"line":18},"2":{"name":"(anonymous_2)","decl":{"start":{"line":23,"column":12},"end":{"line":23,"column":18}},"loc":{"start":{"line":23,"column":18},"end":{"line":27,"column":5}},"line":23},"3":{"name":"(anonymous_3)","decl":{"start":{"line":61,"column":22},"end":{"line":61,"column":23}},"loc":{"start":{"line":61,"column":29},"end":{"line":61,"column":null}},"line":61},"4":{"name":"(anonymous_4)","decl":{"start":{"line":69,"column":19},"end":{"line":69,"column":25}},"loc":{"start":{"line":69,"column":25},"end":{"line":69,"column":null}},"line":69},"5":{"name":"(anonymous_5)","decl":{"start":{"line":86,"column":21},"end":{"line":86,"column":27}},"loc":{"start":{"line":86,"column":27},"end":{"line":86,"column":null}},"line":86},"6":{"name":"(anonymous_6)","decl":{"start":{"line":96,"column":22},"end":{"line":96,"column":23}},"loc":{"start":{"line":96,"column":29},"end":{"line":96,"column":null}},"line":96},"7":{"name":"(anonymous_7)","decl":{"start":{"line":117,"column":17},"end":{"line":117,"column":23}},"loc":{"start":{"line":117,"column":23},"end":{"line":117,"column":null}},"line":117}},"branchMap":{"0":{"loc":{"start":{"line":24,"column":4},"end":{"line":26,"column":null}},"type":"if","locations":[{"start":{"line":24,"column":4},"end":{"line":26,"column":null}},{"start":{},"end":{}}],"line":24},"1":{"loc":{"start":{"line":30,"column":2},"end":{"line":42,"column":null}},"type":"if","locations":[{"start":{"line":30,"column":2},"end":{"line":42,"column":null}},{"start":{},"end":{}}],"line":30},"2":{"loc":{"start":{"line":30,"column":6},"end":{"line":30,"column":57}},"type":"binary-expr","locations":[{"start":{"line":30,"column":6},"end":{"line":30,"column":31}},{"start":{"line":30,"column":31},"end":{"line":30,"column":57}}],"line":30},"3":{"loc":{"start":{"line":45,"column":2},"end":{"line":77,"column":null}},"type":"if","locations":[{"start":{"line":45,"column":2},"end":{"line":77,"column":null}},{"start":{},"end":{}}],"line":45},"4":{"loc":{"start":{"line":89,"column":13},"end":{"line":89,"column":null}},"type":"cond-expr","locations":[{"start":{"line":89,"column":24},"end":{"line":89,"column":35}},{"start":{"line":89,"column":35},"end":{"line":89,"column":null}}],"line":89},"5":{"loc":{"start":{"line":93,"column":9},"end":{"line":101,"column":null}},"type":"cond-expr","locations":[{"start":{"line":94,"column":10},"end":{"line":99,"column":null}},{"start":{"line":101,"column":10},"end":{"line":101,"column":null}}],"line":93},"6":{"loc":{"start":{"line":104,"column":9},"end":{"line":112,"column":null}},"type":"binary-expr","locations":[{"start":{"line":104,"column":9},"end":{"line":104,"column":null}},{"start":{"line":105,"column":10},"end":{"line":112,"column":null}}],"line":104}},"s":{"0":19,"1":19,"2":19,"3":19,"4":19,"5":13,"6":19,"7":13,"8":6,"9":19,"10":7,"11":12,"12":0,"13":0,"14":0,"15":12,"16":0,"17":0,"18":6},"f":{"0":19,"1":13,"2":13,"3":0,"4":0,"5":0,"6":0,"7":6},"b":{"0":[6,7],"1":[7,12],"2":[19,12],"3":[0,12],"4":[0,12],"5":[0,12],"6":[19,12]},"meta":{"lastBranch":7,"lastFunction":8,"lastStatement":19,"seen":{"f:11:24:11:37":0,"s:12:21:12:Infinity":0,"s:13:30:13:Infinity":1,"s:14:38:14:Infinity":2,"s:15:40:15:Infinity":3,"s:18:2:20:Infinity":4,"f:18:12:18:18":1,"s:19:4:19:Infinity":5,"s:23:2:27:Infinity":6,"f:23:12:23:18":2,"b:24:4:26:Infinity:undefined:undefined:undefined:undefined":0,"s:24:4:26:Infinity":7,"s:25:6:25:Infinity":8,"b:30:2:42:Infinity:undefined:undefined:undefined:undefined":1,"s:30:2:42:Infinity":9,"b:30:6:30:31:30:31:30:57":2,"s:31:4:40:Infinity":10,"b:45:2:77:Infinity:undefined:undefined:undefined:undefined":3,"s:45:2:77:Infinity":11,"s:46:4:75:Infinity":12,"f:61:22:61:23":3,"s:61:29:61:Infinity":13,"f:69:19:69:25":4,"s:69:25:69:Infinity":14,"s:80:2:123:Infinity":15,"f:86:21:86:27":5,"s:86:27:86:Infinity":16,"b:89:24:89:35:89:35:89:Infinity":4,"b:94:10:99:Infinity:101:10:101:Infinity":5,"f:96:22:96:23":6,"s:96:29:96:Infinity":17,"b:104:9:104:Infinity:105:10:112:Infinity":6,"f:117:17:117:23":7,"s:117:23:117:Infinity":18}}}
,"D:\\Files\\Desktop\\InternshipFinalWebsite\\src\\components\\order\\OrderModal.tsx": {"path":"D:\\Files\\Desktop\\InternshipFinalWebsite\\src\\components\\order\\OrderModal.tsx","statementMap":{"0":{"start":{"line":13,"column":14},"end":{"line":13,"column":null}},"1":{"start":{"line":16,"column":22},"end":{"line":16,"column":null}},"2":{"start":{"line":17,"column":36},"end":{"line":17,"column":null}},"3":{"start":{"line":19,"column":32},"end":{"line":22,"column":null}},"4":{"start":{"line":20,"column":4},"end":{"line":20,"column":null}},"5":{"start":{"line":21,"column":4},"end":{"line":21,"column":null}},"6":{"start":{"line":24,"column":22},"end":{"line":29,"column":null}},"7":{"start":{"line":26,"column":4},"end":{"line":26,"column":null}},"8":{"start":{"line":27,"column":4},"end":{"line":27,"column":null}},"9":{"start":{"line":28,"column":4},"end":{"line":28,"column":null}},"10":{"start":{"line":31,"column":2},"end":{"line":127,"column":null}},"11":{"start":{"line":56,"column":30},"end":{"line":56,"column":null}},"12":{"start":{"line":78,"column":20},"end":{"line":91,"column":null}}},"fnMap":{"0":{"name":"OrderModal","decl":{"start":{"line":15,"column":24},"end":{"line":15,"column":35}},"loc":{"start":{"line":15,"column":73},"end":{"line":129,"column":null}},"line":15},"1":{"name":"(anonymous_1)","decl":{"start":{"line":19,"column":32},"end":{"line":19,"column":33}},"loc":{"start":{"line":19,"column":72},"end":{"line":22,"column":null}},"line":19},"2":{"name":"(anonymous_2)","decl":{"start":{"line":24,"column":22},"end":{"line":24,"column":28}},"loc":{"start":{"line":24,"column":28},"end":{"line":29,"column":null}},"line":24},"3":{"name":"(anonymous_3)","decl":{"start":{"line":56,"column":23},"end":{"line":56,"column":24}},"loc":{"start":{"line":56,"column":30},"end":{"line":56,"column":null}},"line":56},"4":{"name":"(anonymous_4)","decl":{"start":{"line":77,"column":29},"end":{"line":77,"column":30}},"loc":{"start":{"line":78,"column":20},"end":{"line":91,"column":null}},"line":78}},"branchMap":{"0":{"loc":{"start":{"line":33,"column":7},"end":{"line":125,"column":null}},"type":"binary-expr","locations":[{"start":{"line":33,"column":7},"end":{"line":33,"column":null}},{"start":{"line":34,"column":8},"end":{"line":125,"column":null}}],"line":33},"1":{"loc":{"start":{"line":62,"column":21},"end":{"line":62,"column":null}},"type":"cond-expr","locations":[{"start":{"line":62,"column":34},"end":{"line":62,"column":56}},{"start":{"line":62,"column":56},"end":{"line":62,"column":null}}],"line":62},"2":{"loc":{"start":{"line":82,"column":43},"end":{"line":82,"column":null}},"type":"cond-expr","locations":[{"start":{"line":82,"column":54},"end":{"line":82,"column":66}},{"start":{"line":82,"column":66},"end":{"line":82,"column":null}}],"line":82},"3":{"loc":{"start":{"line":87,"column":24},"end":{"line":87,"column":null}},"type":"cond-expr","locations":[{"start":{"line":87,"column":35},"end":{"line":87,"column":54}},{"start":{"line":87,"column":54},"end":{"line":87,"column":null}}],"line":87},"4":{"loc":{"start":{"line":99,"column":19},"end":{"line":108,"column":null}},"type":"binary-expr","locations":[{"start":{"line":99,"column":19},"end":{"line":99,"column":null}},{"start":{"line":100,"column":20},"end":{"line":108,"column":null}}],"line":99},"5":{"loc":{"start":{"line":110,"column":19},"end":{"line":119,"column":null}},"type":"binary-expr","locations":[{"start":{"line":110,"column":19},"end":{"line":110,"column":33}},{"start":{"line":110,"column":33},"end":{"line":110,"column":null}},{"start":{"line":111,"column":20},"end":{"line":119,"column":null}}],"line":110}},"s":{"0":2,"1":33,"2":33,"3":33,"4":6,"5":6,"6":33,"7":3,"8":3,"9":3,"10":33,"11":8,"12":38},"f":{"0":33,"1":6,"2":3,"3":8,"4":38},"b":{"0":[33,19],"1":[13,6],"2":[25,13],"3":[25,13],"4":[19,13],"5":[19,6,6]},"meta":{"lastBranch":6,"lastFunction":5,"lastStatement":13,"seen":{"s:13:14:13:Infinity":0,"f:15:24:15:35":0,"s:16:22:16:Infinity":1,"s:17:36:17:Infinity":2,"s:19:32:22:Infinity":3,"f:19:32:19:33":1,"s:20:4:20:Infinity":4,"s:21:4:21:Infinity":5,"s:24:22:29:Infinity":6,"f:24:22:24:28":2,"s:26:4:26:Infinity":7,"s:27:4:27:Infinity":8,"s:28:4:28:Infinity":9,"s:31:2:127:Infinity":10,"b:33:7:33:Infinity:34:8:125:Infinity":0,"f:56:23:56:24":3,"s:56:30:56:Infinity":11,"b:62:34:62:56:62:56:62:Infinity":1,"f:77:29:77:30":4,"s:78:20:91:Infinity":12,"b:82:54:82:66:82:66:82:Infinity":2,"b:87:35:87:54:87:54:87:Infinity":3,"b:99:19:99:Infinity:100:20:108:Infinity":4,"b:110:19:110:33:110:33:110:Infinity:111:20:119:Infinity":5}}}
,"D:\\Files\\Desktop\\InternshipFinalWebsite\\src\\components\\order\\WhatsAppStep.tsx": {"path":"D:\\Files\\Desktop\\InternshipFinalWebsite\\src\\components\\order\\WhatsAppStep.tsx","statementMap":{"0":{"start":{"line":16,"column":26},"end":{"line":16,"column":null}},"1":{"start":{"line":18,"column":21},"end":{"line":34,"column":null}},"2":{"start":{"line":19,"column":4},"end":{"line":33,"column":null}},"3":{"start":{"line":20,"column":6},"end":{"line":20,"column":null}},"4":{"start":{"line":21,"column":6},"end":{"line":21,"column":null}},"5":{"start":{"line":22,"column":6},"end":{"line":22,"column":null}},"6":{"start":{"line":22,"column":23},"end":{"line":22,"column":41}},"7":{"start":{"line":25,"column":23},"end":{"line":25,"column":null}},"8":{"start":{"line":26,"column":6},"end":{"line":26,"column":null}},"9":{"start":{"line":27,"column":6},"end":{"line":27,"column":null}},"10":{"start":{"line":28,"column":6},"end":{"line":28,"column":null}},"11":{"start":{"line":29,"column":6},"end":{"line":29,"column":null}},"12":{"start":{"line":30,"column":6},"end":{"line":30,"column":null}},"13":{"start":{"line":31,"column":6},"end":{"line":31,"column":null}},"14":{"start":{"line":32,"column":6},"end":{"line":32,"column":null}},"15":{"start":{"line":32,"column":23},"end":{"line":32,"column":41}},"16":{"start":{"line":36,"column":2},"end":{"line":58,"column":null}},"17":{"start":{"line":63,"column":8},"end":{"line":63,"column":null}},"18":{"start":{"line":63,"column":36},"end":{"line":63,"column":43}},"19":{"start":{"line":64,"column":8},"end":{"line":64,"column":null}},"20":{"start":{"line":64,"column":36},"end":{"line":64,"column":45}},"21":{"start":{"line":65,"column":8},"end":{"line":65,"column":null}},"22":{"start":{"line":66,"column":28},"end":{"line":66,"column":null}},"23":{"start":{"line":68,"column":8},"end":{"line":68,"column":null}},"24":{"start":{"line":69,"column":8},"end":{"line":69,"column":null}},"25":{"start":{"line":72,"column":2},"end":{"line":91,"column":null}},"26":{"start":{"line":73,"column":4},"end":{"line":89,"column":null}},"27":{"start":{"line":94,"column":2},"end":{"line":96,"column":null}},"28":{"start":{"line":95,"column":4},"end":{"line":95,"column":null}},"29":{"start":{"line":98,"column":2},"end":{"line":122,"column":null}},"30":{"start":{"line":101,"column":45},"end":{"line":101,"column":null}},"31":{"start":{"line":132,"column":4},"end":{"line":132,"column":null}},"32":{"start":{"line":133,"column":4},"end":{"line":133,"column":null}},"33":{"start":{"line":137,"column":4},"end":{"line":137,"column":null}},"34":{"start":{"line":141,"column":4},"end":{"line":141,"column":null}},"35":{"start":{"line":145,"column":4},"end":{"line":145,"column":null}},"36":{"start":{"line":145,"column":29},"end":{"line":145,"column":null}},"37":{"start":{"line":146,"column":4},"end":{"line":146,"column":null}}},"fnMap":{"0":{"name":"QRFallback","decl":{"start":{"line":15,"column":9},"end":{"line":15,"column":20}},"loc":{"start":{"line":15,"column":76},"end":{"line":60,"column":null}},"line":15},"1":{"name":"(anonymous_1)","decl":{"start":{"line":18,"column":21},"end":{"line":18,"column":33}},"loc":{"start":{"line":18,"column":33},"end":{"line":34,"column":null}},"line":18},"2":{"name":"(anonymous_2)","decl":{"start":{"line":22,"column":17},"end":{"line":22,"column":23}},"loc":{"start":{"line":22,"column":23},"end":{"line":22,"column":41}},"line":22},"3":{"name":"(anonymous_3)","decl":{"start":{"line":32,"column":17},"end":{"line":32,"column":23}},"loc":{"start":{"line":32,"column":23},"end":{"line":32,"column":41}},"line":32},"4":{"name":"WhatsAppStep","decl":{"start":{"line":62,"column":24},"end":{"line":62,"column":37}},"loc":{"start":{"line":62,"column":79},"end":{"line":124,"column":null}},"line":62},"5":{"name":"(anonymous_5)","decl":{"start":{"line":63,"column":29},"end":{"line":63,"column":30}},"loc":{"start":{"line":63,"column":36},"end":{"line":63,"column":43}},"line":63},"6":{"name":"(anonymous_6)","decl":{"start":{"line":64,"column":29},"end":{"line":64,"column":30}},"loc":{"start":{"line":64,"column":36},"end":{"line":64,"column":45}},"line":64},"7":{"name":"(anonymous_7)","decl":{"start":{"line":101,"column":39},"end":{"line":101,"column":45}},"loc":{"start":{"line":101,"column":45},"end":{"line":101,"column":null}},"line":101},"8":{"name":"(anonymous_8)","decl":{"start":{"line":131,"column":2},"end":{"line":131,"column":14}},"loc":{"start":{"line":131,"column":73},"end":{"line":134,"column":null}},"line":131},"9":{"name":"(anonymous_9)","decl":{"start":{"line":136,"column":9},"end":{"line":136,"column":36}},"loc":{"start":{"line":136,"column":36},"end":{"line":138,"column":null}},"line":136},"10":{"name":"(anonymous_10)","decl":{"start":{"line":140,"column":2},"end":{"line":140,"column":22}},"loc":{"start":{"line":140,"column":22},"end":{"line":142,"column":null}},"line":140},"11":{"name":"(anonymous_11)","decl":{"start":{"line":144,"column":2},"end":{"line":144,"column":11}},"loc":{"start":{"line":144,"column":11},"end":{"line":147,"column":null}},"line":144}},"branchMap":{"0":{"loc":{"start":{"line":48,"column":9},"end":{"line":48,"column":null}},"type":"cond-expr","locations":[{"start":{"line":48,"column":18},"end":{"line":48,"column":30}},{"start":{"line":48,"column":30},"end":{"line":48,"column":null}}],"line":48},"1":{"loc":{"start":{"line":72,"column":2},"end":{"line":91,"column":null}},"type":"if","locations":[{"start":{"line":72,"column":2},"end":{"line":91,"column":null}},{"start":{},"end":{}}],"line":72},"2":{"loc":{"start":{"line":94,"column":2},"end":{"line":96,"column":null}},"type":"if","locations":[{"start":{"line":94,"column":2},"end":{"line":96,"column":null}},{"start":{},"end":{}}],"line":94},"3":{"loc":{"start":{"line":145,"column":4},"end":{"line":145,"column":null}},"type":"if","locations":[{"start":{"line":145,"column":4},"end":{"line":145,"column":null}},{"start":{},"end":{}}],"line":145}},"s":{"0":0,"1":0,"2":0,"3":0,"4":0,"5":0,"6":0,"7":0,"8":0,"9":0,"10":0,"11":0,"12":0,"13":0,"14":0,"15":0,"16":0,"17":6,"18":18,"19":6,"20":18,"21":6,"22":6,"23":6,"24":6,"25":6,"26":1,"27":5,"28":0,"29":5,"30":0,"31":5,"32":5,"33":0,"34":0,"35":5,"36":0,"37":5},"f":{"0":0,"1":0,"2":0,"3":0,"4":6,"5":18,"6":18,"7":0,"8":5,"9":2,"10":0,"11":5},"b":{"0":[0,0],"1":[1,5],"2":[0,5],"3":[0,5]},"meta":{"lastBranch":4,"lastFunction":12,"lastStatement":38,"seen":{"f:15:9:15:20":0,"s:16:26:16:Infinity":0,"s:18:21:34:Infinity":1,"f:18:21:18:33":1,"s:19:4:33:Infinity":2,"s:20:6:20:Infinity":3,"s:21:6:21:Infinity":4,"s:22:6:22:Infinity":5,"f:22:17:22:23":2,"s:22:23:22:41":6,"s:25:23:25:Infinity":7,"s:26:6:26:Infinity":8,"s:27:6:27:Infinity":9,"s:28:6:28:Infinity":10,"s:29:6:29:Infinity":11,"s:30:6:30:Infinity":12,"s:31:6:31:Infinity":13,"s:32:6:32:Infinity":14,"f:32:17:32:23":3,"s:32:23:32:41":15,"s:36:2:58:Infinity":16,"b:48:18:48:30:48:30:48:Infinity":0,"f:62:24:62:37":4,"s:63:8:63:Infinity":17,"f:63:29:63:30":5,"s:63:36:63:43":18,"s:64:8:64:Infinity":19,"f:64:29:64:30":6,"s:64:36:64:45":20,"s:65:8:65:Infinity":21,"s:66:28:66:Infinity":22,"s:68:8:68:Infinity":23,"s:69:8:69:Infinity":24,"b:72:2:91:Infinity:undefined:undefined:undefined:undefined":1,"s:72:2:91:Infinity":25,"s:73:4:89:Infinity":26,"b:94:2:96:Infinity:undefined:undefined:undefined:undefined":2,"s:94:2:96:Infinity":27,"s:95:4:95:Infinity":28,"s:98:2:122:Infinity":29,"f:101:39:101:45":7,"s:101:45:101:Infinity":30,"f:131:2:131:14":8,"s:132:4:132:Infinity":31,"s:133:4:133:Infinity":32,"f:136:9:136:36":9,"s:137:4:137:Infinity":33,"f:140:2:140:22":10,"s:141:4:141:Infinity":34,"f:144:2:144:11":11,"b:145:4:145:Infinity:undefined:undefined:undefined:undefined":3,"s:145:4:145:Infinity":35,"s:145:29:145:Infinity":36,"s:146:4:146:Infinity":37}}}
}
